running develop
running egg_info
creating hardware_interface_py.egg-info
writing hardware_interface_py.egg-info/PKG-INFO
writing dependency_links to hardware_interface_py.egg-info/dependency_links.txt
writing entry points to hardware_interface_py.egg-info/entry_points.txt
writing requirements to hardware_interface_py.egg-info/requires.txt
writing top-level names to hardware_interface_py.egg-info/top_level.txt
writing manifest file 'hardware_interface_py.egg-info/SOURCES.txt'
reading manifest file 'hardware_interface_py.egg-info/SOURCES.txt'
writing manifest file 'hardware_interface_py.egg-info/SOURCES.txt'
running build_ext
Creating /home/yangy/SpiderBot/ros2_workspace/install/hardware_interface_py/lib/python3.10/site-packages/hardware-interface-py.egg-link (link to .)
Installing camera script to /home/yangy/SpiderBot/ros2_workspace/install/hardware_interface_py/lib/hardware_interface_py

Installed /home/yangy/SpiderBot/ros2_workspace/build/hardware_interface_py
running symlink_data
creating /home/yangy/SpiderBot/ros2_workspace/install/hardware_interface_py/share/ament_index
creating /home/yangy/SpiderBot/ros2_workspace/install/hardware_interface_py/share/ament_index/resource_index
creating /home/yangy/SpiderBot/ros2_workspace/install/hardware_interface_py/share/ament_index/resource_index/packages
symbolically linking /home/yangy/SpiderBot/ros2_workspace/build/hardware_interface_py/resource/hardware_interface_py -> /home/yangy/SpiderBot/ros2_workspace/install/hardware_interface_py/share/ament_index/resource_index/packages
symbolically linking /home/yangy/SpiderBot/ros2_workspace/build/hardware_interface_py/package.xml -> /home/yangy/SpiderBot/ros2_workspace/install/hardware_interface_py/share/hardware_interface_py
