[2.738s] Invoking command in '/home/yangy/SpiderBot/ros2_workspace/build/hardware_interface_py': PYTHONPATH=/home/yangy/SpiderBot/ros2_workspace/build/hardware_interface_py/prefix_override:/usr/lib/python3/dist-packages/colcon_core/task/python/colcon_distutils_commands:/home/yangy/SpiderBot/ros2_workspace/install/hardware_interface_py/lib/python3.10/site-packages:${PYTHONPATH} /usr/bin/python3 -W ignore:setup.py install is deprecated -W ignore:easy_install command is deprecated setup.py develop --editable --build-directory /home/yangy/SpiderBot/ros2_workspace/build/hardware_interface_py/build --no-deps symlink_data
[3.897s] running develop
[4.722s] running egg_info
[4.722s] creating hardware_interface_py.egg-info
[4.723s] writing hardware_interface_py.egg-info/PKG-INFO
[4.724s] writing dependency_links to hardware_interface_py.egg-info/dependency_links.txt
[4.725s] writing entry points to hardware_interface_py.egg-info/entry_points.txt
[4.726s] writing requirements to hardware_interface_py.egg-info/requires.txt
[4.727s] writing top-level names to hardware_interface_py.egg-info/top_level.txt
[4.727s] writing manifest file 'hardware_interface_py.egg-info/SOURCES.txt'
[4.734s] reading manifest file 'hardware_interface_py.egg-info/SOURCES.txt'
[4.737s] writing manifest file 'hardware_interface_py.egg-info/SOURCES.txt'
[4.743s] running build_ext
[4.744s] Creating /home/yangy/SpiderBot/ros2_workspace/install/hardware_interface_py/lib/python3.10/site-packages/hardware-interface-py.egg-link (link to .)
[4.754s] Installing camera script to /home/yangy/SpiderBot/ros2_workspace/install/hardware_interface_py/lib/hardware_interface_py
[4.755s] 
[4.757s] Installed /home/yangy/SpiderBot/ros2_workspace/build/hardware_interface_py
[4.758s] running symlink_data
[4.759s] creating /home/yangy/SpiderBot/ros2_workspace/install/hardware_interface_py/share/ament_index
[4.759s] creating /home/yangy/SpiderBot/ros2_workspace/install/hardware_interface_py/share/ament_index/resource_index
[4.760s] creating /home/yangy/SpiderBot/ros2_workspace/install/hardware_interface_py/share/ament_index/resource_index/packages
[4.761s] symbolically linking /home/yangy/SpiderBot/ros2_workspace/build/hardware_interface_py/resource/hardware_interface_py -> /home/yangy/SpiderBot/ros2_workspace/install/hardware_interface_py/share/ament_index/resource_index/packages
[4.772s] symbolically linking /home/yangy/SpiderBot/ros2_workspace/build/hardware_interface_py/package.xml -> /home/yangy/SpiderBot/ros2_workspace/install/hardware_interface_py/share/hardware_interface_py
[4.887s] Invoked command in '/home/yangy/SpiderBot/ros2_workspace/build/hardware_interface_py' returned '0': PYTHONPATH=/home/yangy/SpiderBot/ros2_workspace/build/hardware_interface_py/prefix_override:/usr/lib/python3/dist-packages/colcon_core/task/python/colcon_distutils_commands:/home/yangy/SpiderBot/ros2_workspace/install/hardware_interface_py/lib/python3.10/site-packages:${PYTHONPATH} /usr/bin/python3 -W ignore:setup.py install is deprecated -W ignore:easy_install command is deprecated setup.py develop --editable --build-directory /home/yangy/SpiderBot/ros2_workspace/build/hardware_interface_py/build --no-deps symlink_data
