[4.557s] Invoking command in '/home/yangy/SpiderBot/ros2_workspace/build/sensor_debug': PYTHONPATH=/home/yangy/SpiderBot/ros2_workspace/build/sensor_debug/prefix_override:/usr/lib/python3/dist-packages/colcon_core/task/python/colcon_distutils_commands:/home/yangy/SpiderBot/ros2_workspace/install/sensor_debug/lib/python3.10/site-packages:${PYTHONPATH} /usr/bin/python3 -W ignore:setup.py install is deprecated -W ignore:easy_install command is deprecated setup.py develop --editable --build-directory /home/yangy/SpiderBot/ros2_workspace/build/sensor_debug/build --no-deps symlink_data
[5.938s] running develop
[6.906s] running egg_info
[6.906s] creating sensor_debug.egg-info
[6.907s] writing sensor_debug.egg-info/PKG-INFO
[6.907s] writing dependency_links to sensor_debug.egg-info/dependency_links.txt
[6.908s] writing entry points to sensor_debug.egg-info/entry_points.txt
[6.908s] writing requirements to sensor_debug.egg-info/requires.txt
[6.909s] writing top-level names to sensor_debug.egg-info/top_level.txt
[6.922s] writing manifest file 'sensor_debug.egg-info/SOURCES.txt'
[6.924s] reading manifest file 'sensor_debug.egg-info/SOURCES.txt'
[6.926s] writing manifest file 'sensor_debug.egg-info/SOURCES.txt'
[6.927s] running build_ext
[6.927s] Creating /home/yangy/SpiderBot/ros2_workspace/install/sensor_debug/lib/python3.10/site-packages/sensor-debug.egg-link (link to .)
[6.931s] Installing find_imu_var script to /home/yangy/SpiderBot/ros2_workspace/install/sensor_debug/lib/sensor_debug
[6.934s] 
[6.937s] Installed /home/yangy/SpiderBot/ros2_workspace/build/sensor_debug
[6.940s] running symlink_data
[6.941s] creating /home/yangy/SpiderBot/ros2_workspace/install/sensor_debug/share/ament_index
[6.942s] creating /home/yangy/SpiderBot/ros2_workspace/install/sensor_debug/share/ament_index/resource_index
[6.944s] creating /home/yangy/SpiderBot/ros2_workspace/install/sensor_debug/share/ament_index/resource_index/packages
[6.945s] symbolically linking /home/yangy/SpiderBot/ros2_workspace/build/sensor_debug/resource/sensor_debug -> /home/yangy/SpiderBot/ros2_workspace/install/sensor_debug/share/ament_index/resource_index/packages
[6.950s] symbolically linking /home/yangy/SpiderBot/ros2_workspace/build/sensor_debug/package.xml -> /home/yangy/SpiderBot/ros2_workspace/install/sensor_debug/share/sensor_debug
[7.125s] Invoked command in '/home/yangy/SpiderBot/ros2_workspace/build/sensor_debug' returned '0': PYTHONPATH=/home/yangy/SpiderBot/ros2_workspace/build/sensor_debug/prefix_override:/usr/lib/python3/dist-packages/colcon_core/task/python/colcon_distutils_commands:/home/yangy/SpiderBot/ros2_workspace/install/sensor_debug/lib/python3.10/site-packages:${PYTHONPATH} /usr/bin/python3 -W ignore:setup.py install is deprecated -W ignore:easy_install command is deprecated setup.py develop --editable --build-directory /home/yangy/SpiderBot/ros2_workspace/build/sensor_debug/build --no-deps symlink_data
