[0.094s] Invoking command in '/home/yangy/SpiderBot/ros2_workspace/build/hardware_interface': CMAKE_PREFIX_PATH=${CMAKE_PREFIX_PATH}:/home/yangy/SpiderBot/ros2_workspace/install/hardware_interface_py:/opt/ros/humble /usr/bin/cmake --build /home/yangy/SpiderBot/ros2_workspace/build/hardware_interface -- -j4 -l4
[0.406s] [35m[1mConsolidate compiler generated dependencies of target camera[0m
[0.544s] [ 50%] [32mBuilding CXX object CMakeFiles/camera.dir/src/camera.cpp.o[0m
[16.821s] In file included from [01m[K/opt/ros/humble/include/rclcpp/rclcpp/node.hpp:1321[m[K,
[16.822s]                  from [01m[K/opt/ros/humble/include/rclcpp/rclcpp/executors/single_threaded_executor.hpp:28[m[K,
[16.823s]                  from [01m[K/opt/ros/humble/include/rclcpp/rclcpp/executors.hpp:22[m[K,
[16.823s]                  from [01m[K/opt/ros/humble/include/rclcpp/rclcpp/rclcpp.hpp:155[m[K,
[16.824s]                  from [01m[K/home/yangy/SpiderBot/ros2_workspace/src/hardware_interface/src/camera.cpp:3[m[K:
[16.824s] /opt/ros/humble/include/rclcpp/rclcpp/node_impl.hpp: In instantiation of ‘[01m[Kauto rclcpp::Node::declare_parameter(const string&, const ParameterT&, const ParameterDescriptor&, bool) [with ParameterT = std::pair<int, int>; std::string = std::__cxx11::basic_string<char>; rcl_interfaces::msg::ParameterDescriptor = rcl_interfaces::msg::ParameterDescriptor_<std::allocator<void> >][m[K’:
[16.825s] [01m[K/home/yangy/SpiderBot/ros2_workspace/src/hardware_interface/src/camera.cpp:21:36:[m[K   required from here
[16.825s] [01m[K/opt/ros/humble/include/rclcpp/rclcpp/node_impl.hpp:204:15:[m[K [01;31m[Kerror: [m[Kno matching function for call to ‘[01m[Krclcpp::ParameterValue::ParameterValue(const std::pair<int, int>&)[m[K’
[16.826s]   204 |       rclcpp::[01;31m[KParameterValue(default_value)[m[K,
[16.826s]       |               [01;31m[K^~~~~~~~~~~~~~~~~~~~~~~~~~~~~[m[K
[16.826s] In file included from [01m[K/opt/ros/humble/include/rclcpp/rclcpp/parameter.hpp:26[m[K,
[16.827s]                  from [01m[K/opt/ros/humble/include/rclcpp/rclcpp/node_interfaces/node_parameters_interface.hpp:28[m[K,
[16.827s]                  from [01m[K/opt/ros/humble/include/rclcpp/rclcpp/node.hpp:54[m[K,
[16.828s]                  from [01m[K/opt/ros/humble/include/rclcpp/rclcpp/executors/single_threaded_executor.hpp:28[m[K,
[16.828s]                  from [01m[K/opt/ros/humble/include/rclcpp/rclcpp/executors.hpp:22[m[K,
[16.828s]                  from [01m[K/opt/ros/humble/include/rclcpp/rclcpp/rclcpp.hpp:155[m[K,
[16.829s]                  from [01m[K/home/yangy/SpiderBot/ros2_workspace/src/hardware_interface/src/camera.cpp:3[m[K:
[16.831s] [01m[K/opt/ros/humble/include/rclcpp/rclcpp/parameter_value.hpp:121:12:[m[K [01;36m[Knote: [m[Kcandidate: ‘[01m[Krclcpp::ParameterValue::ParameterValue(const std::vector<std::__cxx11::basic_string<char> >&)[m[K’
[16.831s]   121 |   explicit [01;36m[KParameterValue[m[K(const std::vector<std::string> & string_array_value);
[16.832s]       |            [01;36m[K^~~~~~~~~~~~~~[m[K
[16.832s] [01m[K/opt/ros/humble/include/rclcpp/rclcpp/parameter_value.hpp:121:60:[m[K [01;36m[Knote: [m[K  no known conversion for argument 1 from ‘[01m[Kconst std::pair<int, int>[m[K’ to ‘[01m[Kconst std::vector<std::__cxx11::basic_string<char> >&[m[K’
[16.833s]   121 |   explicit ParameterValue([01;36m[Kconst std::vector<std::string> & string_array_value[m[K);
[16.833s]       |                           [01;36m[K~~~~~~~~~~~~~~~~~~~~~~~~~~~~~~~~~^~~~~~~~~~~~~~~~~~[m[K
[16.834s] [01m[K/opt/ros/humble/include/rclcpp/rclcpp/parameter_value.hpp:118:12:[m[K [01;36m[Knote: [m[Kcandidate: ‘[01m[Krclcpp::ParameterValue::ParameterValue(const std::vector<double, std::allocator<double> >&)[m[K’
[16.836s]   118 |   explicit [01;36m[KParameterValue[m[K(const std::vector<double> & double_array_value);
[16.836s]       |            [01;36m[K^~~~~~~~~~~~~~[m[K
[16.837s] [01m[K/opt/ros/humble/include/rclcpp/rclcpp/parameter_value.hpp:118:55:[m[K [01;36m[Knote: [m[K  no known conversion for argument 1 from ‘[01m[Kconst std::pair<int, int>[m[K’ to ‘[01m[Kconst std::vector<double, std::allocator<double> >&[m[K’
[16.838s]   118 |   explicit ParameterValue([01;36m[Kconst std::vector<double> & double_array_value[m[K);
[16.838s]       |                           [01;36m[K~~~~~~~~~~~~~~~~~~~~~~~~~~~~^~~~~~~~~~~~~~~~~~[m[K
[16.839s] [01m[K/opt/ros/humble/include/rclcpp/rclcpp/parameter_value.hpp:115:12:[m[K [01;36m[Knote: [m[Kcandidate: ‘[01m[Krclcpp::ParameterValue::ParameterValue(const std::vector<float>&)[m[K’
[16.840s]   115 |   explicit [01;36m[KParameterValue[m[K(const std::vector<float> & double_array_value);
[16.840s]       |            [01;36m[K^~~~~~~~~~~~~~[m[K
[16.842s] [01m[K/opt/ros/humble/include/rclcpp/rclcpp/parameter_value.hpp:115:54:[m[K [01;36m[Knote: [m[K  no known conversion for argument 1 from ‘[01m[Kconst std::pair<int, int>[m[K’ to ‘[01m[Kconst std::vector<float>&[m[K’
[16.842s]   115 |   explicit ParameterValue([01;36m[Kconst std::vector<float> & double_array_value[m[K);
[16.843s]       |                           [01;36m[K~~~~~~~~~~~~~~~~~~~~~~~~~~~^~~~~~~~~~~~~~~~~~[m[K
[16.843s] [01m[K/opt/ros/humble/include/rclcpp/rclcpp/parameter_value.hpp:112:12:[m[K [01;36m[Knote: [m[Kcandidate: ‘[01m[Krclcpp::ParameterValue::ParameterValue(const std::vector<long int, std::allocator<long int> >&)[m[K’
[16.844s]   112 |   explicit [01;36m[KParameterValue[m[K(const std::vector<int64_t> & int_array_value);
[16.844s]       |            [01;36m[K^~~~~~~~~~~~~~[m[K
[16.844s] [01m[K/opt/ros/humble/include/rclcpp/rclcpp/parameter_value.hpp:112:56:[m[K [01;36m[Knote: [m[K  no known conversion for argument 1 from ‘[01m[Kconst std::pair<int, int>[m[K’ to ‘[01m[Kconst std::vector<long int, std::allocator<long int> >&[m[K’
[16.845s]   112 |   explicit ParameterValue([01;36m[Kconst std::vector<int64_t> & int_array_value[m[K);
[16.845s]       |                           [01;36m[K~~~~~~~~~~~~~~~~~~~~~~~~~~~~~^~~~~~~~~~~~~~~[m[K
[16.846s] [01m[K/opt/ros/humble/include/rclcpp/rclcpp/parameter_value.hpp:109:12:[m[K [01;36m[Knote: [m[Kcandidate: ‘[01m[Krclcpp::ParameterValue::ParameterValue(const std::vector<int>&)[m[K’
[16.847s]   109 |   explicit [01;36m[KParameterValue[m[K(const std::vector<int> & int_array_value);
[16.847s]       |            [01;36m[K^~~~~~~~~~~~~~[m[K
[16.848s] [01m[K/opt/ros/humble/include/rclcpp/rclcpp/parameter_value.hpp:109:52:[m[K [01;36m[Knote: [m[K  no known conversion for argument 1 from ‘[01m[Kconst std::pair<int, int>[m[K’ to ‘[01m[Kconst std::vector<int>&[m[K’
[16.848s]   109 |   explicit ParameterValue([01;36m[Kconst std::vector<int> & int_array_value[m[K);
[16.848s]       |                           [01;36m[K~~~~~~~~~~~~~~~~~~~~~~~~~^~~~~~~~~~~~~~~[m[K
[16.849s] [01m[K/opt/ros/humble/include/rclcpp/rclcpp/parameter_value.hpp:106:12:[m[K [01;36m[Knote: [m[Kcandidate: ‘[01m[Krclcpp::ParameterValue::ParameterValue(const std::vector<bool>&)[m[K’
[16.849s]   106 |   explicit [01;36m[KParameterValue[m[K(const std::vector<bool> & bool_array_value);
[16.849s]       |            [01;36m[K^~~~~~~~~~~~~~[m[K
[16.850s] [01m[K/opt/ros/humble/include/rclcpp/rclcpp/parameter_value.hpp:106:53:[m[K [01;36m[Knote: [m[K  no known conversion for argument 1 from ‘[01m[Kconst std::pair<int, int>[m[K’ to ‘[01m[Kconst std::vector<bool>&[m[K’
[16.850s]   106 |   explicit ParameterValue([01;36m[Kconst std::vector<bool> & bool_array_value[m[K);
[16.851s]       |                           [01;36m[K~~~~~~~~~~~~~~~~~~~~~~~~~~^~~~~~~~~~~~~~~~[m[K
[16.851s] [01m[K/opt/ros/humble/include/rclcpp/rclcpp/parameter_value.hpp:103:12:[m[K [01;36m[Knote: [m[Kcandidate: ‘[01m[Krclcpp::ParameterValue::ParameterValue(const std::vector<unsigned char>&)[m[K’
[16.852s]   103 |   explicit [01;36m[KParameterValue[m[K(const std::vector<uint8_t> & byte_array_value);
[16.852s]       |            [01;36m[K^~~~~~~~~~~~~~[m[K
[16.853s] [01m[K/opt/ros/humble/include/rclcpp/rclcpp/parameter_value.hpp:103:56:[m[K [01;36m[Knote: [m[K  no known conversion for argument 1 from ‘[01m[Kconst std::pair<int, int>[m[K’ to ‘[01m[Kconst std::vector<unsigned char>&[m[K’
[16.853s]   103 |   explicit ParameterValue([01;36m[Kconst std::vector<uint8_t> & byte_array_value[m[K);
[16.853s]       |                           [01;36m[K~~~~~~~~~~~~~~~~~~~~~~~~~~~~~^~~~~~~~~~~~~~~~[m[K
[16.854s] [01m[K/opt/ros/humble/include/rclcpp/rclcpp/parameter_value.hpp:100:12:[m[K [01;36m[Knote: [m[Kcandidate: ‘[01m[Krclcpp::ParameterValue::ParameterValue(const char*)[m[K’
[16.855s]   100 |   explicit [01;36m[KParameterValue[m[K(const char * string_value);
[16.856s]       |            [01;36m[K^~~~~~~~~~~~~~[m[K
[16.856s] [01m[K/opt/ros/humble/include/rclcpp/rclcpp/parameter_value.hpp:100:40:[m[K [01;36m[Knote: [m[K  no known conversion for argument 1 from ‘[01m[Kconst std::pair<int, int>[m[K’ to ‘[01m[Kconst char*[m[K’
[16.858s]   100 |   explicit ParameterValue([01;36m[Kconst char * string_value[m[K);
[16.858s]       |                           [01;36m[K~~~~~~~~~~~~~^~~~~~~~~~~~[m[K
[16.859s] [01m[K/opt/ros/humble/include/rclcpp/rclcpp/parameter_value.hpp:97:12:[m[K [01;36m[Knote: [m[Kcandidate: ‘[01m[Krclcpp::ParameterValue::ParameterValue(const string&)[m[K’
[16.859s]    97 |   explicit [01;36m[KParameterValue[m[K(const std::string & string_value);
[16.860s]       |            [01;36m[K^~~~~~~~~~~~~~[m[K
[16.861s] [01m[K/opt/ros/humble/include/rclcpp/rclcpp/parameter_value.hpp:97:47:[m[K [01;36m[Knote: [m[K  no known conversion for argument 1 from ‘[01m[Kconst std::pair<int, int>[m[K’ to ‘[01m[Kconst string&[m[K’ {aka ‘[01m[Kconst std::__cxx11::basic_string<char>&[m[K’}
[16.861s]    97 |   explicit ParameterValue([01;36m[Kconst std::string & string_value[m[K);
[16.861s]       |                           [01;36m[K~~~~~~~~~~~~~~~~~~~~^~~~~~~~~~~~[m[K
[16.862s] [01m[K/opt/ros/humble/include/rclcpp/rclcpp/parameter_value.hpp:94:12:[m[K [01;36m[Knote: [m[Kcandidate: ‘[01m[Krclcpp::ParameterValue::ParameterValue(double)[m[K’
[16.863s]    94 |   explicit [01;36m[KParameterValue[m[K(const double double_value);
[16.863s]       |            [01;36m[K^~~~~~~~~~~~~~[m[K
[16.864s] [01m[K/opt/ros/humble/include/rclcpp/rclcpp/parameter_value.hpp:94:40:[m[K [01;36m[Knote: [m[K  no known conversion for argument 1 from ‘[01m[Kconst std::pair<int, int>[m[K’ to ‘[01m[Kdouble[m[K’
[16.864s]    94 |   explicit ParameterValue([01;36m[Kconst double double_value[m[K);
[16.864s]       |                           [01;36m[K~~~~~~~~~~~~~^~~~~~~~~~~~[m[K
[16.865s] [01m[K/opt/ros/humble/include/rclcpp/rclcpp/parameter_value.hpp:91:12:[m[K [01;36m[Knote: [m[Kcandidate: ‘[01m[Krclcpp::ParameterValue::ParameterValue(float)[m[K’
[16.865s]    91 |   explicit [01;36m[KParameterValue[m[K(const float double_value);
[16.866s]       |            [01;36m[K^~~~~~~~~~~~~~[m[K
[16.866s] [01m[K/opt/ros/humble/include/rclcpp/rclcpp/parameter_value.hpp:91:39:[m[K [01;36m[Knote: [m[K  no known conversion for argument 1 from ‘[01m[Kconst std::pair<int, int>[m[K’ to ‘[01m[Kfloat[m[K’
[16.867s]    91 |   explicit ParameterValue([01;36m[Kconst float double_value[m[K);
[16.867s]       |                           [01;36m[K~~~~~~~~~~~~^~~~~~~~~~~~[m[K
[16.868s] [01m[K/opt/ros/humble/include/rclcpp/rclcpp/parameter_value.hpp:88:12:[m[K [01;36m[Knote: [m[Kcandidate: ‘[01m[Krclcpp::ParameterValue::ParameterValue(int64_t)[m[K’
[16.868s]    88 |   explicit [01;36m[KParameterValue[m[K(const int64_t int_value);
[16.869s]       |            [01;36m[K^~~~~~~~~~~~~~[m[K
[16.870s] [01m[K/opt/ros/humble/include/rclcpp/rclcpp/parameter_value.hpp:88:41:[m[K [01;36m[Knote: [m[K  no known conversion for argument 1 from ‘[01m[Kconst std::pair<int, int>[m[K’ to ‘[01m[Kint64_t[m[K’ {aka ‘[01m[Klong int[m[K’}
[16.871s]    88 |   explicit ParameterValue([01;36m[Kconst int64_t int_value[m[K);
[16.871s]       |                           [01;36m[K~~~~~~~~~~~~~~^~~~~~~~~[m[K
[16.872s] [01m[K/opt/ros/humble/include/rclcpp/rclcpp/parameter_value.hpp:85:12:[m[K [01;36m[Knote: [m[Kcandidate: ‘[01m[Krclcpp::ParameterValue::ParameterValue(int)[m[K’
[16.872s]    85 |   explicit [01;36m[KParameterValue[m[K(const int int_value);
[16.873s]       |            [01;36m[K^~~~~~~~~~~~~~[m[K
[16.873s] [01m[K/opt/ros/humble/include/rclcpp/rclcpp/parameter_value.hpp:85:37:[m[K [01;36m[Knote: [m[K  no known conversion for argument 1 from ‘[01m[Kconst std::pair<int, int>[m[K’ to ‘[01m[Kint[m[K’
[16.874s]    85 |   explicit ParameterValue([01;36m[Kconst int int_value[m[K);
[16.874s]       |                           [01;36m[K~~~~~~~~~~^~~~~~~~~[m[K
[16.875s] [01m[K/opt/ros/humble/include/rclcpp/rclcpp/parameter_value.hpp:82:12:[m[K [01;36m[Knote: [m[Kcandidate: ‘[01m[Krclcpp::ParameterValue::ParameterValue(bool)[m[K’
[16.875s]    82 |   explicit [01;36m[KParameterValue[m[K(const bool bool_value);
[16.875s]       |            [01;36m[K^~~~~~~~~~~~~~[m[K
[16.876s] [01m[K/opt/ros/humble/include/rclcpp/rclcpp/parameter_value.hpp:82:38:[m[K [01;36m[Knote: [m[K  no known conversion for argument 1 from ‘[01m[Kconst std::pair<int, int>[m[K’ to ‘[01m[Kbool[m[K’
[16.876s]    82 |   explicit ParameterValue([01;36m[Kconst bool bool_value[m[K);
[16.877s]       |                           [01;36m[K~~~~~~~~~~~^~~~~~~~~~[m[K
[16.877s] [01m[K/opt/ros/humble/include/rclcpp/rclcpp/parameter_value.hpp:79:12:[m[K [01;36m[Knote: [m[Kcandidate: ‘[01m[Krclcpp::ParameterValue::ParameterValue(const ParameterValue&)[m[K’
[16.878s]    79 |   explicit [01;36m[KParameterValue[m[K(const rcl_interfaces::msg::ParameterValue & value);
[16.878s]       |            [01;36m[K^~~~~~~~~~~~~~[m[K
[16.879s] [01m[K/opt/ros/humble/include/rclcpp/rclcpp/parameter_value.hpp:79:71:[m[K [01;36m[Knote: [m[K  no known conversion for argument 1 from ‘[01m[Kconst std::pair<int, int>[m[K’ to ‘[01m[Kconst ParameterValue&[m[K’ {aka ‘[01m[Kconst rcl_interfaces::msg::ParameterValue_<std::allocator<void> >&[m[K’}
[16.879s]    79 |   explicit ParameterValue([01;36m[Kconst rcl_interfaces::msg::ParameterValue & value[m[K);
[16.879s]       |                           [01;36m[K~~~~~~~~~~~~~~~~~~~~~~~~~~~~~~~~~~~~~~~~~~~~^~~~~[m[K
[16.880s] [01m[K/opt/ros/humble/include/rclcpp/rclcpp/parameter_value.hpp:76:3:[m[K [01;36m[Knote: [m[Kcandidate: ‘[01m[Krclcpp::ParameterValue::ParameterValue()[m[K’
[16.880s]    76 |   [01;36m[KParameterValue[m[K();
[16.881s]       |   [01;36m[K^~~~~~~~~~~~~~[m[K
[16.881s] [01m[K/opt/ros/humble/include/rclcpp/rclcpp/parameter_value.hpp:76:3:[m[K [01;36m[Knote: [m[K  candidate expects 0 arguments, 1 provided
[16.881s] [01m[K/opt/ros/humble/include/rclcpp/rclcpp/parameter_value.hpp:71:7:[m[K [01;36m[Knote: [m[Kcandidate: ‘[01m[Krclcpp::ParameterValue::ParameterValue(const rclcpp::ParameterValue&)[m[K’
[16.882s]    71 | class [01;36m[KParameterValue[m[K
[16.882s]       |       [01;36m[K^~~~~~~~~~~~~~[m[K
[16.883s] [01m[K/opt/ros/humble/include/rclcpp/rclcpp/parameter_value.hpp:71:7:[m[K [01;36m[Knote: [m[K  no known conversion for argument 1 from ‘[01m[Kconst std::pair<int, int>[m[K’ to ‘[01m[Kconst rclcpp::ParameterValue&[m[K’
[16.883s] [01m[K/opt/ros/humble/include/rclcpp/rclcpp/parameter_value.hpp:71:7:[m[K [01;36m[Knote: [m[Kcandidate: ‘[01m[Krclcpp::ParameterValue::ParameterValue(rclcpp::ParameterValue&&)[m[K’
[16.884s] [01m[K/opt/ros/humble/include/rclcpp/rclcpp/parameter_value.hpp:71:7:[m[K [01;36m[Knote: [m[K  no known conversion for argument 1 from ‘[01m[Kconst std::pair<int, int>[m[K’ to ‘[01m[Krclcpp::ParameterValue&&[m[K’
[16.885s] [01m[K/home/yangy/SpiderBot/ros2_workspace/src/hardware_interface/src/camera.cpp:[m[K In lambda function:
[16.886s] [01m[K/home/yangy/SpiderBot/ros2_workspace/src/hardware_interface/src/camera.cpp:35:70:[m[K [01;31m[Kerror: [m[K‘[01m[Kclass rclcpp::Time[m[K’ has no member named ‘[01m[Kto_msg[m[K’
[16.886s]    35 |                         msg->header.stamp = this->get_clock()->now().[01;31m[Kto_msg[m[K();
[16.886s]       |                                                                      [01;31m[K^~~~~~[m[K
[21.531s] gmake[2]: *** [CMakeFiles/camera.dir/build.make:76: CMakeFiles/camera.dir/src/camera.cpp.o] Error 1
[21.532s] gmake[1]: *** [CMakeFiles/Makefile2:137: CMakeFiles/camera.dir/all] Error 2
[21.534s] gmake: *** [Makefile:146: all] Error 2
[21.542s] Invoked command in '/home/yangy/SpiderBot/ros2_workspace/build/hardware_interface' returned '2': CMAKE_PREFIX_PATH=${CMAKE_PREFIX_PATH}:/home/yangy/SpiderBot/ros2_workspace/install/hardware_interface_py:/opt/ros/humble /usr/bin/cmake --build /home/yangy/SpiderBot/ros2_workspace/build/hardware_interface -- -j4 -l4
