-- Found ament_cmake: 1.3.12 (/opt/ros/humble/share/ament_cmake/cmake)
-- Override CMake install command with custom implementation using symlinks instead of copying resources
-- Found rclcpp: 16.0.15 (/opt/ros/humble/share/rclcpp/cmake)
-- Found rosidl_generator_c: 3.1.7 (/opt/ros/humble/share/rosidl_generator_c/cmake)
-- Found rosidl_adapter: 3.1.7 (/opt/ros/humble/share/rosidl_adapter/cmake)
-- Found rosidl_generator_cpp: 3.1.7 (/opt/ros/humble/share/rosidl_generator_cpp/cmake)
-- Using all available rosidl_typesupport_c: rosidl_typesupport_fastrtps_c;rosidl_typesupport_introspection_c
-- Using all available rosidl_typesupport_cpp: rosidl_typesupport_fastrtps_cpp;rosidl_typesupport_introspection_cpp
-- Found rmw_implementation_cmake: 6.1.2 (/opt/ros/humble/share/rmw_implementation_cmake/cmake)
-- Found rmw_fastrtps_cpp: 6.2.8 (/opt/ros/humble/share/rmw_fastrtps_cpp/cmake)
-- Using RMW implementation 'rmw_fastrtps_cpp' as default
-- Found sensor_msgs: 4.9.0 (/opt/ros/humble/share/sensor_msgs/cmake)
-- Found cv_bridge: 3.2.1 (/opt/ros/humble/share/cv_bridge/cmake)
-- Found ament_lint_auto: 0.12.14 (/opt/ros/humble/share/ament_lint_auto/cmake)
-- Added test 'cppcheck' to perform static code analysis on C / C++ code
-- Configured cppcheck include dirs: 
-- Configured cppcheck exclude dirs and/or files: 
-- Added test 'lint_cmake' to check CMake code style
-- Added test 'uncrustify' to check C / C++ code style
-- Configured uncrustify additional arguments: 
-- Added test 'xmllint' to check XML markup files
-- Configuring done
-- Generating done
-- Build files have been written to: /home/yangy/SpiderBot/ros2_workspace/build/hardware_interface
[35m[1mConsolidate compiler generated dependencies of target camera[0m
[ 50%] [32mBuilding CXX object CMakeFiles/camera.dir/src/camera.cpp.o[0m
In file included from [01m[K/opt/ros/humble/include/rclcpp/rclcpp/logging.hpp:24[m[K,
                 from [01m[K/opt/ros/humble/include/rclcpp/rclcpp/client.hpp:40[m[K,
                 from [01m[K/opt/ros/humble/include/rclcpp/rclcpp/callback_group.hpp:24[m[K,
                 from [01m[K/opt/ros/humble/include/rclcpp/rclcpp/any_executable.hpp:20[m[K,
                 from [01m[K/opt/ros/humble/include/rclcpp/rclcpp/memory_strategy.hpp:25[m[K,
                 from [01m[K/opt/ros/humble/include/rclcpp/rclcpp/memory_strategies.hpp:18[m[K,
                 from [01m[K/opt/ros/humble/include/rclcpp/rclcpp/executor_options.hpp:20[m[K,
                 from [01m[K/opt/ros/humble/include/rclcpp/rclcpp/executor.hpp:37[m[K,
                 from [01m[K/opt/ros/humble/include/rclcpp/rclcpp/executors/multi_threaded_executor.hpp:25[m[K,
                 from [01m[K/opt/ros/humble/include/rclcpp/rclcpp/executors.hpp:21[m[K,
                 from [01m[K/opt/ros/humble/include/rclcpp/rclcpp/rclcpp.hpp:155[m[K,
                 from [01m[K/home/yangy/SpiderBot/ros2_workspace/src/hardware_interface/src/camera.cpp:3[m[K:
[01m[K/home/yangy/SpiderBot/ros2_workspace/src/hardware_interface/src/camera.cpp:[m[K In constructor ‘[01m[KCameraNode::CameraNode()[m[K’:
[01m[K/home/yangy/SpiderBot/ros2_workspace/src/hardware_interface/src/camera.cpp:29:45:[m[K [01;35m[Kwarning: [m[Kformat ‘[01m[K%d[m[K’ expects argument of type ‘[01m[Kint[m[K’, but argument 5 has type ‘[01m[Kdouble[m[K’ [[01;35m[K]8;;https://gcc.gnu.org/onlinedocs/gcc/Warning-Options.html#index-Wformat=-Wformat=]8;;[m[K]
   29 |             RCLCPP_INFO(this->get_logger(), [01;35m[K"Camera opened (%dx%d)"[m[K, [32m[Kcap_.get(cv::CAP_PROP_FRAME_WIDTH)[m[K, cap_.get(cv::CAP_PROP_FRAME_HEIGHT));
      |                                             [01;35m[K^~~~~~~~~~~~~~~~~~~~~~~[m[K  [32m[K~~~~~~~~~~~~~~~~~~~~~~~~~~~~~~~~~~[m[K
      |                                                                              [32m[K|[m[K
      |                                                                              [32m[Kdouble[m[K
[01m[K/home/yangy/SpiderBot/ros2_workspace/src/hardware_interface/src/camera.cpp:29:62:[m[K [01;36m[Knote: [m[Kformat string is defined here
   29 |             RCLCPP_INFO(this->get_logger(), "Camera opened ([01;36m[K%d[m[Kx%d)", cap_.get(cv::CAP_PROP_FRAME_WIDTH), cap_.get(cv::CAP_PROP_FRAME_HEIGHT));
      |                                                             [01;36m[K~^[m[K
      |                                                              [01;36m[K|[m[K
      |                                                              [01;36m[Kint[m[K
      |                                                             [32m[K%f[m[K
In file included from [01m[K/opt/ros/humble/include/rclcpp/rclcpp/logging.hpp:24[m[K,
                 from [01m[K/opt/ros/humble/include/rclcpp/rclcpp/client.hpp:40[m[K,
                 from [01m[K/opt/ros/humble/include/rclcpp/rclcpp/callback_group.hpp:24[m[K,
                 from [01m[K/opt/ros/humble/include/rclcpp/rclcpp/any_executable.hpp:20[m[K,
                 from [01m[K/opt/ros/humble/include/rclcpp/rclcpp/memory_strategy.hpp:25[m[K,
                 from [01m[K/opt/ros/humble/include/rclcpp/rclcpp/memory_strategies.hpp:18[m[K,
                 from [01m[K/opt/ros/humble/include/rclcpp/rclcpp/executor_options.hpp:20[m[K,
                 from [01m[K/opt/ros/humble/include/rclcpp/rclcpp/executor.hpp:37[m[K,
                 from [01m[K/opt/ros/humble/include/rclcpp/rclcpp/executors/multi_threaded_executor.hpp:25[m[K,
                 from [01m[K/opt/ros/humble/include/rclcpp/rclcpp/executors.hpp:21[m[K,
                 from [01m[K/opt/ros/humble/include/rclcpp/rclcpp/rclcpp.hpp:155[m[K,
                 from [01m[K/home/yangy/SpiderBot/ros2_workspace/src/hardware_interface/src/camera.cpp:3[m[K:
[01m[K/home/yangy/SpiderBot/ros2_workspace/src/hardware_interface/src/camera.cpp:29:45:[m[K [01;35m[Kwarning: [m[Kformat ‘[01m[K%d[m[K’ expects argument of type ‘[01m[Kint[m[K’, but argument 6 has type ‘[01m[Kdouble[m[K’ [[01;35m[K]8;;https://gcc.gnu.org/onlinedocs/gcc/Warning-Options.html#index-Wformat=-Wformat=]8;;[m[K]
   29 |             RCLCPP_INFO(this->get_logger(), [01;35m[K"Camera opened (%dx%d)"[m[K, cap_.get(cv::CAP_PROP_FRAME_WIDTH), [32m[Kcap_.get(cv::CAP_PROP_FRAME_HEIGHT)[m[K);
      |                                             [01;35m[K^~~~~~~~~~~~~~~~~~~~~~~[m[K                                      [32m[K~~~~~~~~~~~~~~~~~~~~~~~~~~~~~~~~~~~[m[K
      |                                                                                                                  [32m[K|[m[K
      |                                                                                                                  [32m[Kdouble[m[K
[01m[K/home/yangy/SpiderBot/ros2_workspace/src/hardware_interface/src/camera.cpp:29:65:[m[K [01;36m[Knote: [m[Kformat string is defined here
   29 |             RCLCPP_INFO(this->get_logger(), "Camera opened (%dx[01;36m[K%d[m[K)", cap_.get(cv::CAP_PROP_FRAME_WIDTH), cap_.get(cv::CAP_PROP_FRAME_HEIGHT));
      |                                                                [01;36m[K~^[m[K
      |                                                                 [01;36m[K|[m[K
      |                                                                 [01;36m[Kint[m[K
      |                                                                [32m[K%f[m[K
[100%] [32m[1mLinking CXX executable camera[0m
[100%] Built target camera
-- Install configuration: ""
-- Execute custom install script
-- Symlinking: /home/yangy/SpiderBot/ros2_workspace/install/hardware_interface/lib/hardware_interface/camera
-- Symlinking: /home/yangy/SpiderBot/ros2_workspace/install/hardware_interface/share/ament_index/resource_index/package_run_dependencies/hardware_interface
-- Symlinking: /home/yangy/SpiderBot/ros2_workspace/install/hardware_interface/share/ament_index/resource_index/parent_prefix_path/hardware_interface
-- Symlinking: /home/yangy/SpiderBot/ros2_workspace/install/hardware_interface/share/hardware_interface/environment/ament_prefix_path.sh
-- Symlinking: /home/yangy/SpiderBot/ros2_workspace/install/hardware_interface/share/hardware_interface/environment/ament_prefix_path.dsv
-- Symlinking: /home/yangy/SpiderBot/ros2_workspace/install/hardware_interface/share/hardware_interface/environment/path.sh
-- Symlinking: /home/yangy/SpiderBot/ros2_workspace/install/hardware_interface/share/hardware_interface/environment/path.dsv
-- Symlinking: /home/yangy/SpiderBot/ros2_workspace/install/hardware_interface/share/hardware_interface/local_setup.bash
-- Symlinking: /home/yangy/SpiderBot/ros2_workspace/install/hardware_interface/share/hardware_interface/local_setup.sh
-- Symlinking: /home/yangy/SpiderBot/ros2_workspace/install/hardware_interface/share/hardware_interface/local_setup.zsh
-- Symlinking: /home/yangy/SpiderBot/ros2_workspace/install/hardware_interface/share/hardware_interface/local_setup.dsv
-- Symlinking: /home/yangy/SpiderBot/ros2_workspace/install/hardware_interface/share/hardware_interface/package.dsv
-- Symlinking: /home/yangy/SpiderBot/ros2_workspace/install/hardware_interface/share/ament_index/resource_index/packages/hardware_interface
-- Symlinking: /home/yangy/SpiderBot/ros2_workspace/install/hardware_interface/share/hardware_interface/cmake/hardware_interfaceConfig.cmake
-- Symlinking: /home/yangy/SpiderBot/ros2_workspace/install/hardware_interface/share/hardware_interface/cmake/hardware_interfaceConfig-version.cmake
-- Symlinking: /home/yangy/SpiderBot/ros2_workspace/install/hardware_interface/share/hardware_interface/package.xml
