[0.557s] DEBUG:colcon:Command line arguments: ['/usr/bin/colcon', 'build', '--packages-select', 'hardware_interface']
[0.557s] DEBUG:colcon:Parsed command line arguments: Namespace(log_base=None, log_level=None, verb_name='build', build_base='build', install_base='install', merge_install=False, symlink_install=False, test_result_base=None, continue_on_error=False, executor='parallel', parallel_workers=4, event_handlers=None, ignore_user_meta=False, metas=['./colcon.meta'], base_paths=['.'], packages_ignore=None, packages_ignore_regex=None, paths=None, packages_up_to=None, packages_up_to_regex=None, packages_above=None, packages_above_and_dependencies=None, packages_above_depth=None, packages_select_by_dep=None, packages_skip_by_dep=None, packages_skip_up_to=None, packages_select_build_failed=False, packages_skip_build_finished=False, packages_select_test_failures=False, packages_skip_test_passed=False, packages_select=['hardware_interface'], packages_skip=None, packages_select_regex=None, packages_skip_regex=None, packages_start=None, packages_end=None, allow_overriding=[], cmake_args=None, cmake_target=None, cmake_target_skip_unavailable=False, cmake_clean_cache=False, cmake_clean_first=False, cmake_force_configure=False, ament_cmake_args=None, catkin_cmake_args=None, catkin_skip_building_tests=False, verb_parser=<colcon_defaults.argument_parser.defaults.DefaultArgumentsDecorator object at 0xffff8bf3c4c0>, verb_extension=<colcon_core.verb.build.BuildVerb object at 0xffff8c0d5930>, main=<bound method BuildVerb.main of <colcon_core.verb.build.BuildVerb object at 0xffff8c0d5930>>)
[1.423s] Level 1:colcon.colcon_core.package_discovery:discover_packages(colcon_meta) check parameters
[1.423s] Level 1:colcon.colcon_core.package_discovery:discover_packages(recursive) check parameters
[1.423s] Level 1:colcon.colcon_core.package_discovery:discover_packages(ignore) check parameters
[1.424s] Level 1:colcon.colcon_core.package_discovery:discover_packages(path) check parameters
[1.424s] Level 1:colcon.colcon_core.package_discovery:discover_packages(colcon_meta) discover
[1.424s] Level 1:colcon.colcon_core.package_discovery:discover_packages(recursive) discover
[1.424s] INFO:colcon.colcon_core.package_discovery:Crawling recursively for packages in '/home/yangy/SpiderBot/ros2_workspace'
[1.425s] Level 1:colcon.colcon_core.package_identification:_identify(.) by extensions ['ignore', 'ignore_ament_install']
[1.425s] Level 1:colcon.colcon_core.package_identification:_identify(.) by extension 'ignore'
[1.425s] Level 1:colcon.colcon_core.package_identification:_identify(.) by extension 'ignore_ament_install'
[1.426s] Level 1:colcon.colcon_core.package_identification:_identify(.) by extensions ['colcon_pkg']
[1.426s] Level 1:colcon.colcon_core.package_identification:_identify(.) by extension 'colcon_pkg'
[1.426s] Level 1:colcon.colcon_core.package_identification:_identify(.) by extensions ['colcon_meta']
[1.426s] Level 1:colcon.colcon_core.package_identification:_identify(.) by extension 'colcon_meta'
[1.426s] Level 1:colcon.colcon_core.package_identification:_identify(.) by extensions ['ros']
[1.426s] Level 1:colcon.colcon_core.package_identification:_identify(.) by extension 'ros'
[1.473s] Level 1:colcon.colcon_core.package_identification:_identify(.) by extensions ['cmake', 'python']
[1.473s] Level 1:colcon.colcon_core.package_identification:_identify(.) by extension 'cmake'
[1.473s] Level 1:colcon.colcon_core.package_identification:_identify(.) by extension 'python'
[1.473s] Level 1:colcon.colcon_core.package_identification:_identify(.) by extensions ['python_setup_py']
[1.474s] Level 1:colcon.colcon_core.package_identification:_identify(.) by extension 'python_setup_py'
[1.474s] Level 1:colcon.colcon_core.package_identification:_identify(build) by extensions ['ignore', 'ignore_ament_install']
[1.475s] Level 1:colcon.colcon_core.package_identification:_identify(build) by extension 'ignore'
[1.475s] Level 1:colcon.colcon_core.package_identification:_identify(build) ignored
[1.475s] Level 1:colcon.colcon_core.package_identification:_identify(install) by extensions ['ignore', 'ignore_ament_install']
[1.476s] Level 1:colcon.colcon_core.package_identification:_identify(install) by extension 'ignore'
[1.476s] Level 1:colcon.colcon_core.package_identification:_identify(install) ignored
[1.477s] Level 1:colcon.colcon_core.package_identification:_identify(log) by extensions ['ignore', 'ignore_ament_install']
[1.477s] Level 1:colcon.colcon_core.package_identification:_identify(log) by extension 'ignore'
[1.477s] Level 1:colcon.colcon_core.package_identification:_identify(log) ignored
[1.478s] Level 1:colcon.colcon_core.package_identification:_identify(src) by extensions ['ignore', 'ignore_ament_install']
[1.478s] Level 1:colcon.colcon_core.package_identification:_identify(src) by extension 'ignore'
[1.478s] Level 1:colcon.colcon_core.package_identification:_identify(src) by extension 'ignore_ament_install'
[1.479s] Level 1:colcon.colcon_core.package_identification:_identify(src) by extensions ['colcon_pkg']
[1.479s] Level 1:colcon.colcon_core.package_identification:_identify(src) by extension 'colcon_pkg'
[1.479s] Level 1:colcon.colcon_core.package_identification:_identify(src) by extensions ['colcon_meta']
[1.479s] Level 1:colcon.colcon_core.package_identification:_identify(src) by extension 'colcon_meta'
[1.479s] Level 1:colcon.colcon_core.package_identification:_identify(src) by extensions ['ros']
[1.479s] Level 1:colcon.colcon_core.package_identification:_identify(src) by extension 'ros'
[1.480s] Level 1:colcon.colcon_core.package_identification:_identify(src) by extensions ['cmake', 'python']
[1.480s] Level 1:colcon.colcon_core.package_identification:_identify(src) by extension 'cmake'
[1.480s] Level 1:colcon.colcon_core.package_identification:_identify(src) by extension 'python'
[1.480s] Level 1:colcon.colcon_core.package_identification:_identify(src) by extensions ['python_setup_py']
[1.480s] Level 1:colcon.colcon_core.package_identification:_identify(src) by extension 'python_setup_py'
[1.481s] Level 1:colcon.colcon_core.package_identification:_identify(src/hardware_interface) by extensions ['ignore', 'ignore_ament_install']
[1.481s] Level 1:colcon.colcon_core.package_identification:_identify(src/hardware_interface) by extension 'ignore'
[1.481s] Level 1:colcon.colcon_core.package_identification:_identify(src/hardware_interface) by extension 'ignore_ament_install'
[1.482s] Level 1:colcon.colcon_core.package_identification:_identify(src/hardware_interface) by extensions ['colcon_pkg']
[1.482s] Level 1:colcon.colcon_core.package_identification:_identify(src/hardware_interface) by extension 'colcon_pkg'
[1.482s] Level 1:colcon.colcon_core.package_identification:_identify(src/hardware_interface) by extensions ['colcon_meta']
[1.482s] Level 1:colcon.colcon_core.package_identification:_identify(src/hardware_interface) by extension 'colcon_meta'
[1.482s] Level 1:colcon.colcon_core.package_identification:_identify(src/hardware_interface) by extensions ['ros']
[1.483s] Level 1:colcon.colcon_core.package_identification:_identify(src/hardware_interface) by extension 'ros'
[1.492s] DEBUG:colcon.colcon_core.package_identification:Package 'src/hardware_interface' with type 'ros.ament_cmake' and name 'hardware_interface'
[1.493s] Level 1:colcon.colcon_core.package_identification:_identify(src/hardware_interface_py) by extensions ['ignore', 'ignore_ament_install']
[1.494s] Level 1:colcon.colcon_core.package_identification:_identify(src/hardware_interface_py) by extension 'ignore'
[1.494s] Level 1:colcon.colcon_core.package_identification:_identify(src/hardware_interface_py) by extension 'ignore_ament_install'
[1.494s] Level 1:colcon.colcon_core.package_identification:_identify(src/hardware_interface_py) by extensions ['colcon_pkg']
[1.495s] Level 1:colcon.colcon_core.package_identification:_identify(src/hardware_interface_py) by extension 'colcon_pkg'
[1.495s] Level 1:colcon.colcon_core.package_identification:_identify(src/hardware_interface_py) by extensions ['colcon_meta']
[1.495s] Level 1:colcon.colcon_core.package_identification:_identify(src/hardware_interface_py) by extension 'colcon_meta'
[1.495s] Level 1:colcon.colcon_core.package_identification:_identify(src/hardware_interface_py) by extensions ['ros']
[1.495s] Level 1:colcon.colcon_core.package_identification:_identify(src/hardware_interface_py) by extension 'ros'
[1.498s] DEBUG:colcon.colcon_core.package_identification:Package 'src/hardware_interface_py' with type 'ros.ament_python' and name 'hardware_interface_py'
[1.499s] Level 1:colcon.colcon_core.package_identification:_identify(src/visiontools_py) by extensions ['ignore', 'ignore_ament_install']
[1.500s] Level 1:colcon.colcon_core.package_identification:_identify(src/visiontools_py) by extension 'ignore'
[1.500s] Level 1:colcon.colcon_core.package_identification:_identify(src/visiontools_py) by extension 'ignore_ament_install'
[1.500s] Level 1:colcon.colcon_core.package_identification:_identify(src/visiontools_py) by extensions ['colcon_pkg']
[1.501s] Level 1:colcon.colcon_core.package_identification:_identify(src/visiontools_py) by extension 'colcon_pkg'
[1.501s] Level 1:colcon.colcon_core.package_identification:_identify(src/visiontools_py) by extensions ['colcon_meta']
[1.501s] Level 1:colcon.colcon_core.package_identification:_identify(src/visiontools_py) by extension 'colcon_meta'
[1.501s] Level 1:colcon.colcon_core.package_identification:_identify(src/visiontools_py) by extensions ['ros']
[1.502s] Level 1:colcon.colcon_core.package_identification:_identify(src/visiontools_py) by extension 'ros'
[1.505s] DEBUG:colcon.colcon_core.package_identification:Package 'src/visiontools_py' with type 'ros.ament_python' and name 'visiontools_py'
[1.505s] Level 1:colcon.colcon_core.package_discovery:discover_packages(recursive) using defaults
[1.506s] Level 1:colcon.colcon_core.package_discovery:discover_packages(ignore) discover
[1.506s] Level 1:colcon.colcon_core.package_discovery:discover_packages(ignore) using defaults
[1.506s] Level 1:colcon.colcon_core.package_discovery:discover_packages(path) discover
[1.506s] Level 1:colcon.colcon_core.package_discovery:discover_packages(path) using defaults
[1.598s] INFO:colcon.colcon_core.package_selection:Skipping not selected package 'hardware_interface_py' in 'src/hardware_interface_py'
[1.598s] INFO:colcon.colcon_core.package_selection:Skipping not selected package 'visiontools_py' in 'src/visiontools_py'
[1.600s] Level 1:colcon.colcon_core.package_discovery:discover_packages(prefix_path) check parameters
[1.600s] Level 1:colcon.colcon_core.package_discovery:discover_packages(prefix_path) discover
[1.609s] DEBUG:colcon.colcon_installed_package_information.package_discovery:Found 3 installed packages in /home/yangy/SpiderBot/ros2_workspace/install
[1.618s] DEBUG:colcon.colcon_installed_package_information.package_discovery:Found 277 installed packages in /opt/ros/humble
[1.660s] Level 1:colcon.colcon_core.package_discovery:discover_packages(prefix_path) using defaults
[1.827s] Level 5:colcon.colcon_core.verb:set package 'hardware_interface' build argument 'cmake_args' from command line to 'None'
[1.827s] Level 5:colcon.colcon_core.verb:set package 'hardware_interface' build argument 'cmake_target' from command line to 'None'
[1.827s] Level 5:colcon.colcon_core.verb:set package 'hardware_interface' build argument 'cmake_target_skip_unavailable' from command line to 'False'
[1.827s] Level 5:colcon.colcon_core.verb:set package 'hardware_interface' build argument 'cmake_clean_cache' from command line to 'False'
[1.827s] Level 5:colcon.colcon_core.verb:set package 'hardware_interface' build argument 'cmake_clean_first' from command line to 'False'
[1.827s] Level 5:colcon.colcon_core.verb:set package 'hardware_interface' build argument 'cmake_force_configure' from command line to 'False'
[1.827s] Level 5:colcon.colcon_core.verb:set package 'hardware_interface' build argument 'ament_cmake_args' from command line to 'None'
[1.828s] Level 5:colcon.colcon_core.verb:set package 'hardware_interface' build argument 'catkin_cmake_args' from command line to 'None'
[1.828s] Level 5:colcon.colcon_core.verb:set package 'hardware_interface' build argument 'catkin_skip_building_tests' from command line to 'False'
[1.828s] DEBUG:colcon.colcon_core.verb:Building package 'hardware_interface' with the following arguments: {'ament_cmake_args': None, 'build_base': '/home/yangy/SpiderBot/ros2_workspace/build/hardware_interface', 'catkin_cmake_args': None, 'catkin_skip_building_tests': False, 'cmake_args': None, 'cmake_clean_cache': False, 'cmake_clean_first': False, 'cmake_force_configure': False, 'cmake_target': None, 'cmake_target_skip_unavailable': False, 'install_base': '/home/yangy/SpiderBot/ros2_workspace/install/hardware_interface', 'merge_install': False, 'path': '/home/yangy/SpiderBot/ros2_workspace/src/hardware_interface', 'symlink_install': False, 'test_result_base': None}
[1.828s] INFO:colcon.colcon_core.executor:Executing jobs using 'parallel' executor
[1.832s] DEBUG:colcon.colcon_parallel_executor.executor.parallel:run_until_complete
[1.833s] INFO:colcon.colcon_ros.task.ament_cmake.build:Building ROS package in '/home/yangy/SpiderBot/ros2_workspace/src/hardware_interface' with build type 'ament_cmake'
[1.834s] INFO:colcon.colcon_cmake.task.cmake.build:Building CMake package in '/home/yangy/SpiderBot/ros2_workspace/src/hardware_interface'
[1.844s] INFO:colcon.colcon_core.plugin_system:Skipping extension 'colcon_core.shell.bat': Not used on non-Windows systems
[1.845s] INFO:colcon.colcon_core.shell:Skip shell extension 'powershell' for command environment: Not usable outside of PowerShell
[1.845s] DEBUG:colcon.colcon_core.shell:Skip shell extension 'dsv' for command environment
[1.889s] DEBUG:colcon.colcon_core.event_handler.log_command:Invoking command in '/home/yangy/SpiderBot/ros2_workspace/build/hardware_interface': CMAKE_PREFIX_PATH=${CMAKE_PREFIX_PATH}:/home/yangy/SpiderBot/ros2_workspace/install/visiontools_py:/home/yangy/SpiderBot/ros2_workspace/install/hardware_interface_py:/opt/ros/humble /usr/bin/cmake --build /home/yangy/SpiderBot/ros2_workspace/build/hardware_interface -- -j4 -l4
[30.660s] DEBUG:colcon.colcon_core.event_handler.log_command:Invoked command in '/home/yangy/SpiderBot/ros2_workspace/build/hardware_interface' returned '0': CMAKE_PREFIX_PATH=${CMAKE_PREFIX_PATH}:/home/yangy/SpiderBot/ros2_workspace/install/visiontools_py:/home/yangy/SpiderBot/ros2_workspace/install/hardware_interface_py:/opt/ros/humble /usr/bin/cmake --build /home/yangy/SpiderBot/ros2_workspace/build/hardware_interface -- -j4 -l4
[30.715s] DEBUG:colcon.colcon_core.event_handler.log_command:Invoking command in '/home/yangy/SpiderBot/ros2_workspace/build/hardware_interface': CMAKE_PREFIX_PATH=${CMAKE_PREFIX_PATH}:/home/yangy/SpiderBot/ros2_workspace/install/visiontools_py:/home/yangy/SpiderBot/ros2_workspace/install/hardware_interface_py:/opt/ros/humble /usr/bin/cmake --install /home/yangy/SpiderBot/ros2_workspace/build/hardware_interface
[30.860s] Level 1:colcon.colcon_core.environment:create_environment_scripts_only(hardware_interface)
[30.863s] DEBUG:colcon.colcon_core.event_handler.log_command:Invoked command in '/home/yangy/SpiderBot/ros2_workspace/build/hardware_interface' returned '0': CMAKE_PREFIX_PATH=${CMAKE_PREFIX_PATH}:/home/yangy/SpiderBot/ros2_workspace/install/visiontools_py:/home/yangy/SpiderBot/ros2_workspace/install/hardware_interface_py:/opt/ros/humble /usr/bin/cmake --install /home/yangy/SpiderBot/ros2_workspace/build/hardware_interface
[30.912s] Level 1:colcon.colcon_core.environment:checking '/home/yangy/SpiderBot/ros2_workspace/install/hardware_interface' for CMake module files
[30.916s] Level 1:colcon.colcon_core.environment:checking '/home/yangy/SpiderBot/ros2_workspace/install/hardware_interface' for CMake config files
[30.919s] Level 1:colcon.colcon_core.shell:create_environment_hook('hardware_interface', 'cmake_prefix_path')
[30.920s] INFO:colcon.colcon_core.shell:Creating environment hook '/home/yangy/SpiderBot/ros2_workspace/install/hardware_interface/share/hardware_interface/hook/cmake_prefix_path.ps1'
[30.924s] INFO:colcon.colcon_core.shell:Creating environment descriptor '/home/yangy/SpiderBot/ros2_workspace/install/hardware_interface/share/hardware_interface/hook/cmake_prefix_path.dsv'
[30.928s] INFO:colcon.colcon_core.shell:Creating environment hook '/home/yangy/SpiderBot/ros2_workspace/install/hardware_interface/share/hardware_interface/hook/cmake_prefix_path.sh'
[30.933s] Level 1:colcon.colcon_core.environment:checking '/home/yangy/SpiderBot/ros2_workspace/install/hardware_interface/lib'
[30.934s] Level 1:colcon.colcon_core.environment:checking '/home/yangy/SpiderBot/ros2_workspace/install/hardware_interface/bin'
[30.935s] Level 1:colcon.colcon_core.environment:checking '/home/yangy/SpiderBot/ros2_workspace/install/hardware_interface/lib/pkgconfig/hardware_interface.pc'
[30.936s] Level 1:colcon.colcon_core.environment:checking '/home/yangy/SpiderBot/ros2_workspace/install/hardware_interface/lib/python3.10/site-packages'
[30.937s] Level 1:colcon.colcon_core.environment:checking '/home/yangy/SpiderBot/ros2_workspace/install/hardware_interface/bin'
[30.938s] INFO:colcon.colcon_core.shell:Creating package script '/home/yangy/SpiderBot/ros2_workspace/install/hardware_interface/share/hardware_interface/package.ps1'
[30.943s] INFO:colcon.colcon_core.shell:Creating package descriptor '/home/yangy/SpiderBot/ros2_workspace/install/hardware_interface/share/hardware_interface/package.dsv'
[30.946s] INFO:colcon.colcon_core.shell:Creating package script '/home/yangy/SpiderBot/ros2_workspace/install/hardware_interface/share/hardware_interface/package.sh'
[30.950s] INFO:colcon.colcon_core.shell:Creating package script '/home/yangy/SpiderBot/ros2_workspace/install/hardware_interface/share/hardware_interface/package.bash'
[30.955s] INFO:colcon.colcon_core.shell:Creating package script '/home/yangy/SpiderBot/ros2_workspace/install/hardware_interface/share/hardware_interface/package.zsh'
[30.960s] Level 1:colcon.colcon_core.environment:create_file_with_runtime_dependencies(/home/yangy/SpiderBot/ros2_workspace/install/hardware_interface/share/colcon-core/packages/hardware_interface)
[30.964s] Level 1:colcon.colcon_core.environment:create_environment_scripts_only(hardware_interface)
[30.966s] Level 1:colcon.colcon_core.environment:checking '/home/yangy/SpiderBot/ros2_workspace/install/hardware_interface' for CMake module files
[30.969s] Level 1:colcon.colcon_core.environment:checking '/home/yangy/SpiderBot/ros2_workspace/install/hardware_interface' for CMake config files
[30.971s] Level 1:colcon.colcon_core.shell:create_environment_hook('hardware_interface', 'cmake_prefix_path')
[30.972s] INFO:colcon.colcon_core.shell:Creating environment hook '/home/yangy/SpiderBot/ros2_workspace/install/hardware_interface/share/hardware_interface/hook/cmake_prefix_path.ps1'
[30.975s] INFO:colcon.colcon_core.shell:Creating environment descriptor '/home/yangy/SpiderBot/ros2_workspace/install/hardware_interface/share/hardware_interface/hook/cmake_prefix_path.dsv'
[30.977s] INFO:colcon.colcon_core.shell:Creating environment hook '/home/yangy/SpiderBot/ros2_workspace/install/hardware_interface/share/hardware_interface/hook/cmake_prefix_path.sh'
[30.980s] Level 1:colcon.colcon_core.environment:checking '/home/yangy/SpiderBot/ros2_workspace/install/hardware_interface/lib'
[30.980s] Level 1:colcon.colcon_core.environment:checking '/home/yangy/SpiderBot/ros2_workspace/install/hardware_interface/bin'
[30.980s] Level 1:colcon.colcon_core.environment:checking '/home/yangy/SpiderBot/ros2_workspace/install/hardware_interface/lib/pkgconfig/hardware_interface.pc'
[30.981s] Level 1:colcon.colcon_core.environment:checking '/home/yangy/SpiderBot/ros2_workspace/install/hardware_interface/lib/python3.10/site-packages'
[30.983s] Level 1:colcon.colcon_core.environment:checking '/home/yangy/SpiderBot/ros2_workspace/install/hardware_interface/bin'
[30.986s] INFO:colcon.colcon_core.shell:Creating package script '/home/yangy/SpiderBot/ros2_workspace/install/hardware_interface/share/hardware_interface/package.ps1'
[30.988s] INFO:colcon.colcon_core.shell:Creating package descriptor '/home/yangy/SpiderBot/ros2_workspace/install/hardware_interface/share/hardware_interface/package.dsv'
[30.991s] INFO:colcon.colcon_core.shell:Creating package script '/home/yangy/SpiderBot/ros2_workspace/install/hardware_interface/share/hardware_interface/package.sh'
[30.993s] INFO:colcon.colcon_core.shell:Creating package script '/home/yangy/SpiderBot/ros2_workspace/install/hardware_interface/share/hardware_interface/package.bash'
[30.996s] INFO:colcon.colcon_core.shell:Creating package script '/home/yangy/SpiderBot/ros2_workspace/install/hardware_interface/share/hardware_interface/package.zsh'
[30.998s] Level 1:colcon.colcon_core.environment:create_file_with_runtime_dependencies(/home/yangy/SpiderBot/ros2_workspace/install/hardware_interface/share/colcon-core/packages/hardware_interface)
[30.999s] DEBUG:colcon.colcon_parallel_executor.executor.parallel:closing loop
[31.000s] DEBUG:colcon.colcon_parallel_executor.executor.parallel:loop closed
[31.001s] DEBUG:colcon.colcon_parallel_executor.executor.parallel:run_until_complete finished with '0'
[31.001s] DEBUG:colcon.colcon_core.event_reactor:joining thread
[31.045s] INFO:colcon.colcon_core.plugin_system:Skipping extension 'colcon_notification.desktop_notification.terminal_notifier': Not used on non-Darwin systems
[31.045s] INFO:colcon.colcon_core.plugin_system:Skipping extension 'colcon_notification.desktop_notification.win32': Not used on non-Windows systems
[31.045s] INFO:colcon.colcon_notification.desktop_notification:Sending desktop notification using 'notify2'
[31.094s] DEBUG:colcon.colcon_core.event_reactor:joined thread
[31.095s] INFO:colcon.colcon_core.shell:Creating prefix script '/home/yangy/SpiderBot/ros2_workspace/install/local_setup.ps1'
[31.110s] INFO:colcon.colcon_core.shell:Creating prefix util module '/home/yangy/SpiderBot/ros2_workspace/install/_local_setup_util_ps1.py'
[31.122s] INFO:colcon.colcon_core.shell:Creating prefix chain script '/home/yangy/SpiderBot/ros2_workspace/install/setup.ps1'
[31.132s] INFO:colcon.colcon_core.shell:Creating prefix script '/home/yangy/SpiderBot/ros2_workspace/install/local_setup.sh'
[31.140s] INFO:colcon.colcon_core.shell:Creating prefix util module '/home/yangy/SpiderBot/ros2_workspace/install/_local_setup_util_sh.py'
[31.144s] INFO:colcon.colcon_core.shell:Creating prefix chain script '/home/yangy/SpiderBot/ros2_workspace/install/setup.sh'
[31.153s] INFO:colcon.colcon_core.shell:Creating prefix script '/home/yangy/SpiderBot/ros2_workspace/install/local_setup.bash'
[31.157s] INFO:colcon.colcon_core.shell:Creating prefix chain script '/home/yangy/SpiderBot/ros2_workspace/install/setup.bash'
[31.162s] INFO:colcon.colcon_core.shell:Creating prefix script '/home/yangy/SpiderBot/ros2_workspace/install/local_setup.zsh'
[31.166s] INFO:colcon.colcon_core.shell:Creating prefix chain script '/home/yangy/SpiderBot/ros2_workspace/install/setup.zsh'
