[0.056s] Invoking command in '/home/yangy/SpiderBot/ros2_workspace/build/hardware_interface': CMAKE_PREFIX_PATH=/opt/ros/humble /usr/bin/cmake --build /home/yangy/SpiderBot/ros2_workspace/build/hardware_interface -- -j4 -l4
[0.236s] [35m[1mConsolidate compiler generated dependencies of target camera[0m
[0.347s] [ 50%] [32mBuilding CXX object CMakeFiles/camera.dir/src/camera.cpp.o[0m
[24.534s] [100%] [32m[1mLinking CXX executable camera[0m
[28.608s] [100%] Built target camera
[28.648s] Invoked command in '/home/yangy/SpiderBot/ros2_workspace/build/hardware_interface' returned '0': CMAKE_PREFIX_PATH=/opt/ros/humble /usr/bin/cmake --build /home/yangy/SpiderBot/ros2_workspace/build/hardware_interface -- -j4 -l4
[28.691s] Invoking command in '/home/yangy/SpiderBot/ros2_workspace/build/hardware_interface': CMAKE_PREFIX_PATH=/opt/ros/humble /usr/bin/cmake --install /home/yangy/SpiderBot/ros2_workspace/build/hardware_interface
[28.729s] -- Install configuration: ""
[28.734s] -- Installing: /home/yangy/SpiderBot/ros2_workspace/install/hardware_interface/lib/hardware_interface/camera
[28.749s] -- Set runtime path of "/home/yangy/SpiderBot/ros2_workspace/install/hardware_interface/lib/hardware_interface/camera" to ""
[28.751s] -- Installing: /home/yangy/SpiderBot/ros2_workspace/install/hardware_interface/share/ament_index/resource_index/package_run_dependencies/hardware_interface
[28.762s] -- Installing: /home/yangy/SpiderBot/ros2_workspace/install/hardware_interface/share/ament_index/resource_index/parent_prefix_path/hardware_interface
[28.765s] -- Installing: /home/yangy/SpiderBot/ros2_workspace/install/hardware_interface/share/hardware_interface/environment/ament_prefix_path.sh
[28.768s] -- Installing: /home/yangy/SpiderBot/ros2_workspace/install/hardware_interface/share/hardware_interface/environment/ament_prefix_path.dsv
[28.770s] -- Installing: /home/yangy/SpiderBot/ros2_workspace/install/hardware_interface/share/hardware_interface/environment/path.sh
[28.772s] -- Installing: /home/yangy/SpiderBot/ros2_workspace/install/hardware_interface/share/hardware_interface/environment/path.dsv
[28.774s] -- Installing: /home/yangy/SpiderBot/ros2_workspace/install/hardware_interface/share/hardware_interface/local_setup.bash
[28.777s] -- Installing: /home/yangy/SpiderBot/ros2_workspace/install/hardware_interface/share/hardware_interface/local_setup.sh
[28.779s] -- Installing: /home/yangy/SpiderBot/ros2_workspace/install/hardware_interface/share/hardware_interface/local_setup.zsh
[28.781s] -- Installing: /home/yangy/SpiderBot/ros2_workspace/install/hardware_interface/share/hardware_interface/local_setup.dsv
[28.783s] -- Installing: /home/yangy/SpiderBot/ros2_workspace/install/hardware_interface/share/hardware_interface/package.dsv
[28.786s] -- Installing: /home/yangy/SpiderBot/ros2_workspace/install/hardware_interface/share/ament_index/resource_index/packages/hardware_interface
[28.788s] -- Installing: /home/yangy/SpiderBot/ros2_workspace/install/hardware_interface/share/hardware_interface/cmake/hardware_interfaceConfig.cmake
[28.789s] -- Installing: /home/yangy/SpiderBot/ros2_workspace/install/hardware_interface/share/hardware_interface/cmake/hardware_interfaceConfig-version.cmake
[28.791s] -- Installing: /home/yangy/SpiderBot/ros2_workspace/install/hardware_interface/share/hardware_interface/package.xml
[28.800s] Invoked command in '/home/yangy/SpiderBot/ros2_workspace/build/hardware_interface' returned '0': CMAKE_PREFIX_PATH=/opt/ros/humble /usr/bin/cmake --install /home/yangy/SpiderBot/ros2_workspace/build/hardware_interface
