In file included from [01m[K/opt/ros/humble/include/rclcpp/rclcpp/logging.hpp:24[m[K,
                 from [01m[K/opt/ros/humble/include/rclcpp/rclcpp/client.hpp:40[m[K,
                 from [01m[K/opt/ros/humble/include/rclcpp/rclcpp/callback_group.hpp:24[m[K,
                 from [01m[K/opt/ros/humble/include/rclcpp/rclcpp/any_executable.hpp:20[m[K,
                 from [01m[K/opt/ros/humble/include/rclcpp/rclcpp/memory_strategy.hpp:25[m[K,
                 from [01m[K/opt/ros/humble/include/rclcpp/rclcpp/memory_strategies.hpp:18[m[K,
                 from [01m[K/opt/ros/humble/include/rclcpp/rclcpp/executor_options.hpp:20[m[K,
                 from [01m[K/opt/ros/humble/include/rclcpp/rclcpp/executor.hpp:37[m[K,
                 from [01m[K/opt/ros/humble/include/rclcpp/rclcpp/executors/multi_threaded_executor.hpp:25[m[K,
                 from [01m[K/opt/ros/humble/include/rclcpp/rclcpp/executors.hpp:21[m[K,
                 from [01m[K/opt/ros/humble/include/rclcpp/rclcpp/rclcpp.hpp:155[m[K,
                 from [01m[K/home/yangy/SpiderBot/ros2_workspace/src/hardware_interface/src/camera.cpp:3[m[K:
[01m[K/home/yangy/SpiderBot/ros2_workspace/src/hardware_interface/src/camera.cpp:[m[K In constructor ‘[01m[KCameraNode::CameraNode()[m[K’:
[01m[K/home/yangy/SpiderBot/ros2_workspace/src/hardware_interface/src/camera.cpp:29:45:[m[K [01;35m[Kwarning: [m[Kformat ‘[01m[K%d[m[K’ expects argument of type ‘[01m[Kint[m[K’, but argument 5 has type ‘[01m[Kdouble[m[K’ [[01;35m[K]8;;https://gcc.gnu.org/onlinedocs/gcc/Warning-Options.html#index-Wformat=-Wformat=]8;;[m[K]
   29 |        RCLCPP_INFO(this->get_logger(), [01;35m[K"Camera opened (%dx%d)"[m[K, [32m[Kcap_.get(cv::CAP_PROP_FRAME_WIDTH)[m[K, cap_.get(cv::CAP_PROP_FRAME_HEIGHT));
      |                                        [01;35m[K^~~~~~~~~~~~~~~~~~~~~~~[m[K  [32m[K~~~~~~~~~~~~~~~~~~~~~~~~~~~~~~~~~~[m[K
      |                                                                         [32m[K|[m[K
      |                                                                         [32m[Kdouble[m[K

[01m[K/home/yangy/SpiderBot/ros2_workspace/src/hardware_interface/src/camera.cpp:29:62:[m[K [01;36m[Knote: [m[Kformat string is defined here
   29 | O(this->get_logger(), "Camera opened ([01;36m[K%d[m[Kx%d)", cap_.get(cv::CAP_PROP_FRAME_WIDTH), cap_.get(cv::CAP_PROP_FRAME_HEIGHT));
      |                                       [01;36m[K~^[m[K
      |                                        [01;36m[K|[m[K
      |                                        [01;36m[Kint[m[K
      |                                       [32m[K%f[m[K
In file included from [01m[K/opt/ros/humble/include/rclcpp/rclcpp/logging.hpp:24[m[K,
                 from [01m[K/opt/ros/humble/include/rclcpp/rclcpp/client.hpp:40[m[K,
                 from [01m[K/opt/ros/humble/include/rclcpp/rclcpp/callback_group.hpp:24[m[K,
                 from [01m[K/opt/ros/humble/include/rclcpp/rclcpp/any_executable.hpp:20[m[K,
                 from [01m[K/opt/ros/humble/include/rclcpp/rclcpp/memory_strategy.hpp:25[m[K,
                 from [01m[K/opt/ros/humble/include/rclcpp/rclcpp/memory_strategies.hpp:18[m[K,
                 from [01m[K/opt/ros/humble/include/rclcpp/rclcpp/executor_options.hpp:20[m[K,
                 from [01m[K/opt/ros/humble/include/rclcpp/rclcpp/executor.hpp:37[m[K,
                 from [01m[K/opt/ros/humble/include/rclcpp/rclcpp/executors/multi_threaded_executor.hpp:25[m[K,
                 from [01m[K/opt/ros/humble/include/rclcpp/rclcpp/executors.hpp:21[m[K,
                 from [01m[K/opt/ros/humble/include/rclcpp/rclcpp/rclcpp.hpp:155[m[K,
                 from [01m[K/home/yangy/SpiderBot/ros2_workspace/src/hardware_interface/src/camera.cpp:3[m[K:
[01m[K/home/yangy/SpiderBot/ros2_workspace/src/hardware_interface/src/camera.cpp:29:45:[m[K [01;35m[Kwarning: [m[Kformat ‘[01m[K%d[m[K’ expects argument of type ‘[01m[Kint[m[K’, but argument 6 has type ‘[01m[Kdouble[m[K’ [[01;35m[K]8;;https://gcc.gnu.org/onlinedocs/gcc/Warning-Options.html#index-Wformat=-Wformat=]8;;[m[K]
   29 |        RCLCPP_INFO(this->get_logger(), [01;35m[K"Camera opened (%dx%d)"[m[K, cap_.get(cv::CAP_PROP_FRAME_WIDTH), [32m[Kcap_.get(cv::CAP_PROP_FRAME_HEIGHT)[m[K);
      |                                        [01;35m[K^~~~~~~~~~~~~~~~~~~~~~~[m[K                                      [32m[K~~~~~~~~~~~~~~~~~~~~~~~~~~~~~~~~~~~[m[K
      |                                                                                                             [32m[K|[m[K
      |                                                                                                             [32m[Kdouble[m[K

[01m[K/home/yangy/SpiderBot/ros2_workspace/src/hardware_interface/src/camera.cpp:29:65:[m[K [01;36m[Knote: [m[Kformat string is defined here
   29 | his->get_logger(), "Camera opened (%dx[01;36m[K%d[m[K)", cap_.get(cv::CAP_PROP_FRAME_WIDTH), cap_.get(cv::CAP_PROP_FRAME_HEIGHT));
      |                                       [01;36m[K~^[m[K
      |                                        [01;36m[K|[m[K
      |                                        [01;36m[Kint[m[K
      |                                       [32m[K%f[m[K
