[3.060s] Invoking command in '/home/yangy/SpiderBot/ros2_workspace/build/visiontools_py': PYTHONPATH=/home/yangy/SpiderBot/ros2_workspace/build/visiontools_py/prefix_override:/usr/lib/python3/dist-packages/colcon_core/task/python/colcon_distutils_commands:/home/yangy/SpiderBot/ros2_workspace/install/visiontools_py/lib/python3.10/site-packages:${PYTHONPATH} /usr/bin/python3 -W ignore:setup.py install is deprecated -W ignore:easy_install command is deprecated setup.py develop --editable --build-directory /home/yangy/SpiderBot/ros2_workspace/build/visiontools_py/build --no-deps symlink_data
[4.333s] running develop
[5.126s] running egg_info
[5.127s] creating visiontools_py.egg-info
[5.127s] writing visiontools_py.egg-info/PKG-INFO
[5.128s] writing dependency_links to visiontools_py.egg-info/dependency_links.txt
[5.129s] writing entry points to visiontools_py.egg-info/entry_points.txt
[5.129s] writing requirements to visiontools_py.egg-info/requires.txt
[5.130s] writing top-level names to visiontools_py.egg-info/top_level.txt
[5.131s] writing manifest file 'visiontools_py.egg-info/SOURCES.txt'
[5.138s] reading manifest file 'visiontools_py.egg-info/SOURCES.txt'
[5.141s] writing manifest file 'visiontools_py.egg-info/SOURCES.txt'
[5.147s] running build_ext
[5.148s] Creating /home/yangy/SpiderBot/ros2_workspace/install/visiontools_py/lib/python3.10/site-packages/visiontools-py.egg-link (link to .)
[5.151s] Installing camera_info script to /home/yangy/SpiderBot/ros2_workspace/install/visiontools_py/lib/visiontools_py
[5.152s] 
[5.153s] Installed /home/yangy/SpiderBot/ros2_workspace/build/visiontools_py
[5.153s] running symlink_data
[5.154s] creating /home/yangy/SpiderBot/ros2_workspace/install/visiontools_py/share/ament_index
[5.154s] creating /home/yangy/SpiderBot/ros2_workspace/install/visiontools_py/share/ament_index/resource_index
[5.155s] creating /home/yangy/SpiderBot/ros2_workspace/install/visiontools_py/share/ament_index/resource_index/packages
[5.155s] symbolically linking /home/yangy/SpiderBot/ros2_workspace/build/visiontools_py/resource/visiontools_py -> /home/yangy/SpiderBot/ros2_workspace/install/visiontools_py/share/ament_index/resource_index/packages
[5.156s] symbolically linking /home/yangy/SpiderBot/ros2_workspace/build/visiontools_py/package.xml -> /home/yangy/SpiderBot/ros2_workspace/install/visiontools_py/share/visiontools_py
[5.157s] creating /home/yangy/SpiderBot/ros2_workspace/install/visiontools_py/share/visiontools_py/config
[5.159s] symbolically linking /home/yangy/SpiderBot/ros2_workspace/build/visiontools_py/config/ost.yaml -> /home/yangy/SpiderBot/ros2_workspace/install/visiontools_py/share/visiontools_py/config
[5.291s] Invoked command in '/home/yangy/SpiderBot/ros2_workspace/build/visiontools_py' returned '0': PYTHONPATH=/home/yangy/SpiderBot/ros2_workspace/build/visiontools_py/prefix_override:/usr/lib/python3/dist-packages/colcon_core/task/python/colcon_distutils_commands:/home/yangy/SpiderBot/ros2_workspace/install/visiontools_py/lib/python3.10/site-packages:${PYTHONPATH} /usr/bin/python3 -W ignore:setup.py install is deprecated -W ignore:easy_install command is deprecated setup.py develop --editable --build-directory /home/yangy/SpiderBot/ros2_workspace/build/visiontools_py/build --no-deps symlink_data
