[0.062s] Invoking command in '/home/yangy/SpiderBot/ros2_workspace/build/hardware_interface': CMAKE_PREFIX_PATH=${CMAKE_PREFIX_PATH}:/home/yangy/SpiderBot/ros2_workspace/install/visiontools_py:/home/yangy/SpiderBot/ros2_workspace/install/hardware_interface_py:/opt/ros/humble /usr/bin/cmake --build /home/yangy/SpiderBot/ros2_workspace/build/hardware_interface -- -j4 -l4
[0.291s] [35m[1mConsolidate compiler generated dependencies of target camera[0m
[0.403s] [ 50%] [32mBuilding CXX object CMakeFiles/camera.dir/src/camera.cpp.o[0m
[25.510s] [100%] [32m[1mLinking CXX executable camera[0m
[28.381s] [100%] Built target camera
[28.426s] Invoked command in '/home/yangy/SpiderBot/ros2_workspace/build/hardware_interface' returned '0': CMAKE_PREFIX_PATH=${CMAKE_PREFIX_PATH}:/home/yangy/SpiderBot/ros2_workspace/install/visiontools_py:/home/yangy/SpiderBot/ros2_workspace/install/hardware_interface_py:/opt/ros/humble /usr/bin/cmake --build /home/yangy/SpiderBot/ros2_workspace/build/hardware_interface -- -j4 -l4
[28.468s] Invoking command in '/home/yangy/SpiderBot/ros2_workspace/build/hardware_interface': CMAKE_PREFIX_PATH=${CMAKE_PREFIX_PATH}:/home/yangy/SpiderBot/ros2_workspace/install/visiontools_py:/home/yangy/SpiderBot/ros2_workspace/install/hardware_interface_py:/opt/ros/humble /usr/bin/cmake --install /home/yangy/SpiderBot/ros2_workspace/build/hardware_interface
[28.494s] -- Install configuration: ""
[28.496s] -- Execute custom install script
[28.498s] -- Up-to-date symlink: /home/yangy/SpiderBot/ros2_workspace/install/hardware_interface/lib/hardware_interface/camera
[28.500s] -- Up-to-date symlink: /home/yangy/SpiderBot/ros2_workspace/install/hardware_interface/share/ament_index/resource_index/package_run_dependencies/hardware_interface
[28.501s] -- Up-to-date symlink: /home/yangy/SpiderBot/ros2_workspace/install/hardware_interface/share/ament_index/resource_index/parent_prefix_path/hardware_interface
[28.502s] -- Up-to-date symlink: /home/yangy/SpiderBot/ros2_workspace/install/hardware_interface/share/hardware_interface/environment/ament_prefix_path.sh
[28.504s] -- Up-to-date symlink: /home/yangy/SpiderBot/ros2_workspace/install/hardware_interface/share/hardware_interface/environment/ament_prefix_path.dsv
[28.505s] -- Up-to-date symlink: /home/yangy/SpiderBot/ros2_workspace/install/hardware_interface/share/hardware_interface/environment/path.sh
[28.506s] -- Up-to-date symlink: /home/yangy/SpiderBot/ros2_workspace/install/hardware_interface/share/hardware_interface/environment/path.dsv
[28.507s] -- Up-to-date symlink: /home/yangy/SpiderBot/ros2_workspace/install/hardware_interface/share/hardware_interface/local_setup.bash
[28.508s] -- Up-to-date symlink: /home/yangy/SpiderBot/ros2_workspace/install/hardware_interface/share/hardware_interface/local_setup.sh
[28.509s] -- Up-to-date symlink: /home/yangy/SpiderBot/ros2_workspace/install/hardware_interface/share/hardware_interface/local_setup.zsh
[28.510s] -- Up-to-date symlink: /home/yangy/SpiderBot/ros2_workspace/install/hardware_interface/share/hardware_interface/local_setup.dsv
[28.510s] -- Symlinking: /home/yangy/SpiderBot/ros2_workspace/install/hardware_interface/share/hardware_interface/package.dsv
[28.544s] -- Up-to-date symlink: /home/yangy/SpiderBot/ros2_workspace/install/hardware_interface/share/ament_index/resource_index/packages/hardware_interface
[28.546s] -- Up-to-date symlink: /home/yangy/SpiderBot/ros2_workspace/install/hardware_interface/share/hardware_interface/cmake/hardware_interfaceConfig.cmake
[28.547s] -- Up-to-date symlink: /home/yangy/SpiderBot/ros2_workspace/install/hardware_interface/share/hardware_interface/cmake/hardware_interfaceConfig-version.cmake
[28.548s] -- Up-to-date symlink: /home/yangy/SpiderBot/ros2_workspace/install/hardware_interface/share/hardware_interface/package.xml
[28.555s] Invoked command in '/home/yangy/SpiderBot/ros2_workspace/build/hardware_interface' returned '0': CMAKE_PREFIX_PATH=${CMAKE_PREFIX_PATH}:/home/yangy/SpiderBot/ros2_workspace/install/visiontools_py:/home/yangy/SpiderBot/ros2_workspace/install/hardware_interface_py:/opt/ros/humble /usr/bin/cmake --install /home/yangy/SpiderBot/ros2_workspace/build/hardware_interface
