[2.851s] Invoking command in '/home/yangy/SpiderBot/ros2_workspace/build/visiontools_py': PYTHONPATH=/home/yangy/SpiderBot/ros2_workspace/build/visiontools_py/prefix_override:/usr/lib/python3/dist-packages/colcon_core/task/python/colcon_distutils_commands:/home/yangy/SpiderBot/ros2_workspace/install/visiontools_py/lib/python3.10/site-packages:${PYTHONPATH} /usr/bin/python3 -W ignore:setup.py install is deprecated -W ignore:easy_install command is deprecated setup.py develop --editable --build-directory /home/yangy/SpiderBot/ros2_workspace/build/visiontools_py/build --no-deps symlink_data
[4.471s] running develop
[5.290s] running egg_info
[5.291s] creating visiontools_py.egg-info
[5.292s] writing visiontools_py.egg-info/PKG-INFO
[5.293s] writing dependency_links to visiontools_py.egg-info/dependency_links.txt
[5.294s] writing entry points to visiontools_py.egg-info/entry_points.txt
[5.296s] writing requirements to visiontools_py.egg-info/requires.txt
[5.298s] writing top-level names to visiontools_py.egg-info/top_level.txt
[5.298s] writing manifest file 'visiontools_py.egg-info/SOURCES.txt'
[5.306s] reading manifest file 'visiontools_py.egg-info/SOURCES.txt'
[5.309s] writing manifest file 'visiontools_py.egg-info/SOURCES.txt'
[5.318s] running build_ext
[5.319s] Creating /home/yangy/SpiderBot/ros2_workspace/install/visiontools_py/lib/python3.10/site-packages/visiontools-py.egg-link (link to .)
[5.323s] Installing camera script to /home/yangy/SpiderBot/ros2_workspace/install/visiontools_py/lib/visiontools_py
[5.323s] Installing camera_info script to /home/yangy/SpiderBot/ros2_workspace/install/visiontools_py/lib/visiontools_py
[5.325s] 
[5.327s] Installed /home/yangy/SpiderBot/ros2_workspace/build/visiontools_py
[5.328s] running symlink_data
[5.328s] creating /home/yangy/SpiderBot/ros2_workspace/install/visiontools_py/share/ament_index
[5.329s] creating /home/yangy/SpiderBot/ros2_workspace/install/visiontools_py/share/ament_index/resource_index
[5.329s] creating /home/yangy/SpiderBot/ros2_workspace/install/visiontools_py/share/ament_index/resource_index/packages
[5.330s] symbolically linking /home/yangy/SpiderBot/ros2_workspace/build/visiontools_py/resource/visiontools_py -> /home/yangy/SpiderBot/ros2_workspace/install/visiontools_py/share/ament_index/resource_index/packages
[5.331s] symbolically linking /home/yangy/SpiderBot/ros2_workspace/build/visiontools_py/package.xml -> /home/yangy/SpiderBot/ros2_workspace/install/visiontools_py/share/visiontools_py
[5.332s] creating /home/yangy/SpiderBot/ros2_workspace/install/visiontools_py/share/visiontools_py/config
[5.333s] symbolically linking /home/yangy/SpiderBot/ros2_workspace/build/visiontools_py/config/ost.yaml -> /home/yangy/SpiderBot/ros2_workspace/install/visiontools_py/share/visiontools_py/config
[5.334s] creating /home/yangy/SpiderBot/ros2_workspace/install/visiontools_py/share/visiontools_py/launch
[5.335s] symbolically linking /home/yangy/SpiderBot/ros2_workspace/build/visiontools_py/launch/visiontools_py_launch.yaml -> /home/yangy/SpiderBot/ros2_workspace/install/visiontools_py/share/visiontools_py/launch
[5.336s] symbolically linking /home/yangy/SpiderBot/ros2_workspace/build/visiontools_py/launch/camera_launch.yaml -> /home/yangy/SpiderBot/ros2_workspace/install/visiontools_py/share/visiontools_py/launch
[5.467s] Invoked command in '/home/yangy/SpiderBot/ros2_workspace/build/visiontools_py' returned '0': PYTHONPATH=/home/yangy/SpiderBot/ros2_workspace/build/visiontools_py/prefix_override:/usr/lib/python3/dist-packages/colcon_core/task/python/colcon_distutils_commands:/home/yangy/SpiderBot/ros2_workspace/install/visiontools_py/lib/python3.10/site-packages:${PYTHONPATH} /usr/bin/python3 -W ignore:setup.py install is deprecated -W ignore:easy_install command is deprecated setup.py develop --editable --build-directory /home/yangy/SpiderBot/ros2_workspace/build/visiontools_py/build --no-deps symlink_data
