[1.218s] DEBUG:colcon:Command line arguments: ['/usr/bin/colcon', 'build', '--packages-select', 'hardware_interface']
[1.218s] DEBUG:colcon:Parsed command line arguments: Namespace(log_base=None, log_level=None, verb_name='build', build_base='build', install_base='install', merge_install=False, symlink_install=False, test_result_base=None, continue_on_error=False, executor='parallel', parallel_workers=4, event_handlers=None, ignore_user_meta=False, metas=['./colcon.meta'], base_paths=['.'], packages_ignore=None, packages_ignore_regex=None, paths=None, packages_up_to=None, packages_up_to_regex=None, packages_above=None, packages_above_and_dependencies=None, packages_above_depth=None, packages_select_by_dep=None, packages_skip_by_dep=None, packages_skip_up_to=None, packages_select_build_failed=False, packages_skip_build_finished=False, packages_select_test_failures=False, packages_skip_test_passed=False, packages_select=['hardware_interface'], packages_skip=None, packages_select_regex=None, packages_skip_regex=None, packages_start=None, packages_end=None, allow_overriding=[], cmake_args=None, cmake_target=None, cmake_target_skip_unavailable=False, cmake_clean_cache=False, cmake_clean_first=False, cmake_force_configure=False, ament_cmake_args=None, catkin_cmake_args=None, catkin_skip_building_tests=False, verb_parser=<colcon_defaults.argument_parser.defaults.DefaultArgumentsDecorator object at 0xffff8f9e7250>, verb_extension=<colcon_core.verb.build.BuildVerb object at 0xffff8fbc45e0>, main=<bound method BuildVerb.main of <colcon_core.verb.build.BuildVerb object at 0xffff8fbc45e0>>)
[2.776s] Level 1:colcon.colcon_core.package_discovery:discover_packages(colcon_meta) check parameters
[2.777s] Level 1:colcon.colcon_core.package_discovery:discover_packages(recursive) check parameters
[2.777s] Level 1:colcon.colcon_core.package_discovery:discover_packages(ignore) check parameters
[2.777s] Level 1:colcon.colcon_core.package_discovery:discover_packages(path) check parameters
[2.777s] Level 1:colcon.colcon_core.package_discovery:discover_packages(colcon_meta) discover
[2.778s] Level 1:colcon.colcon_core.package_discovery:discover_packages(recursive) discover
[2.778s] INFO:colcon.colcon_core.package_discovery:Crawling recursively for packages in '/home/yangy/SpiderBot/ros2_workspace'
[2.779s] Level 1:colcon.colcon_core.package_identification:_identify(.) by extensions ['ignore', 'ignore_ament_install']
[2.779s] Level 1:colcon.colcon_core.package_identification:_identify(.) by extension 'ignore'
[2.779s] Level 1:colcon.colcon_core.package_identification:_identify(.) by extension 'ignore_ament_install'
[2.780s] Level 1:colcon.colcon_core.package_identification:_identify(.) by extensions ['colcon_pkg']
[2.780s] Level 1:colcon.colcon_core.package_identification:_identify(.) by extension 'colcon_pkg'
[2.780s] Level 1:colcon.colcon_core.package_identification:_identify(.) by extensions ['colcon_meta']
[2.780s] Level 1:colcon.colcon_core.package_identification:_identify(.) by extension 'colcon_meta'
[2.781s] Level 1:colcon.colcon_core.package_identification:_identify(.) by extensions ['ros']
[2.781s] Level 1:colcon.colcon_core.package_identification:_identify(.) by extension 'ros'
[2.870s] Level 1:colcon.colcon_core.package_identification:_identify(.) by extensions ['cmake', 'python']
[2.870s] Level 1:colcon.colcon_core.package_identification:_identify(.) by extension 'cmake'
[2.871s] Level 1:colcon.colcon_core.package_identification:_identify(.) by extension 'python'
[2.871s] Level 1:colcon.colcon_core.package_identification:_identify(.) by extensions ['python_setup_py']
[2.871s] Level 1:colcon.colcon_core.package_identification:_identify(.) by extension 'python_setup_py'
[2.872s] Level 1:colcon.colcon_core.package_identification:_identify(build) by extensions ['ignore', 'ignore_ament_install']
[2.873s] Level 1:colcon.colcon_core.package_identification:_identify(build) by extension 'ignore'
[2.873s] Level 1:colcon.colcon_core.package_identification:_identify(build) ignored
[2.874s] Level 1:colcon.colcon_core.package_identification:_identify(install) by extensions ['ignore', 'ignore_ament_install']
[2.875s] Level 1:colcon.colcon_core.package_identification:_identify(install) by extension 'ignore'
[2.875s] Level 1:colcon.colcon_core.package_identification:_identify(install) ignored
[2.875s] Level 1:colcon.colcon_core.package_identification:_identify(log) by extensions ['ignore', 'ignore_ament_install']
[2.876s] Level 1:colcon.colcon_core.package_identification:_identify(log) by extension 'ignore'
[2.876s] Level 1:colcon.colcon_core.package_identification:_identify(log) ignored
[2.877s] Level 1:colcon.colcon_core.package_identification:_identify(src) by extensions ['ignore', 'ignore_ament_install']
[2.877s] Level 1:colcon.colcon_core.package_identification:_identify(src) by extension 'ignore'
[2.878s] Level 1:colcon.colcon_core.package_identification:_identify(src) by extension 'ignore_ament_install'
[2.878s] Level 1:colcon.colcon_core.package_identification:_identify(src) by extensions ['colcon_pkg']
[2.878s] Level 1:colcon.colcon_core.package_identification:_identify(src) by extension 'colcon_pkg'
[2.878s] Level 1:colcon.colcon_core.package_identification:_identify(src) by extensions ['colcon_meta']
[2.878s] Level 1:colcon.colcon_core.package_identification:_identify(src) by extension 'colcon_meta'
[2.879s] Level 1:colcon.colcon_core.package_identification:_identify(src) by extensions ['ros']
[2.879s] Level 1:colcon.colcon_core.package_identification:_identify(src) by extension 'ros'
[2.879s] Level 1:colcon.colcon_core.package_identification:_identify(src) by extensions ['cmake', 'python']
[2.879s] Level 1:colcon.colcon_core.package_identification:_identify(src) by extension 'cmake'
[2.879s] Level 1:colcon.colcon_core.package_identification:_identify(src) by extension 'python'
[2.880s] Level 1:colcon.colcon_core.package_identification:_identify(src) by extensions ['python_setup_py']
[2.880s] Level 1:colcon.colcon_core.package_identification:_identify(src) by extension 'python_setup_py'
[2.880s] Level 1:colcon.colcon_core.package_identification:_identify(src/hardware_interface) by extensions ['ignore', 'ignore_ament_install']
[2.881s] Level 1:colcon.colcon_core.package_identification:_identify(src/hardware_interface) by extension 'ignore'
[2.881s] Level 1:colcon.colcon_core.package_identification:_identify(src/hardware_interface) by extension 'ignore_ament_install'
[2.881s] Level 1:colcon.colcon_core.package_identification:_identify(src/hardware_interface) by extensions ['colcon_pkg']
[2.881s] Level 1:colcon.colcon_core.package_identification:_identify(src/hardware_interface) by extension 'colcon_pkg'
[2.882s] Level 1:colcon.colcon_core.package_identification:_identify(src/hardware_interface) by extensions ['colcon_meta']
[2.882s] Level 1:colcon.colcon_core.package_identification:_identify(src/hardware_interface) by extension 'colcon_meta'
[2.882s] Level 1:colcon.colcon_core.package_identification:_identify(src/hardware_interface) by extensions ['ros']
[2.882s] Level 1:colcon.colcon_core.package_identification:_identify(src/hardware_interface) by extension 'ros'
[2.906s] DEBUG:colcon.colcon_core.package_identification:Package 'src/hardware_interface' with type 'ros.ament_cmake' and name 'hardware_interface'
[2.907s] Level 1:colcon.colcon_core.package_identification:_identify(src/hardware_interface_py) by extensions ['ignore', 'ignore_ament_install']
[2.907s] Level 1:colcon.colcon_core.package_identification:_identify(src/hardware_interface_py) by extension 'ignore'
[2.908s] Level 1:colcon.colcon_core.package_identification:_identify(src/hardware_interface_py) by extension 'ignore_ament_install'
[2.908s] Level 1:colcon.colcon_core.package_identification:_identify(src/hardware_interface_py) by extensions ['colcon_pkg']
[2.908s] Level 1:colcon.colcon_core.package_identification:_identify(src/hardware_interface_py) by extension 'colcon_pkg'
[2.909s] Level 1:colcon.colcon_core.package_identification:_identify(src/hardware_interface_py) by extensions ['colcon_meta']
[2.909s] Level 1:colcon.colcon_core.package_identification:_identify(src/hardware_interface_py) by extension 'colcon_meta'
[2.909s] Level 1:colcon.colcon_core.package_identification:_identify(src/hardware_interface_py) by extensions ['ros']
[2.909s] Level 1:colcon.colcon_core.package_identification:_identify(src/hardware_interface_py) by extension 'ros'
[2.914s] DEBUG:colcon.colcon_core.package_identification:Package 'src/hardware_interface_py' with type 'ros.ament_python' and name 'hardware_interface_py'
[2.914s] Level 1:colcon.colcon_core.package_discovery:discover_packages(recursive) using defaults
[2.914s] Level 1:colcon.colcon_core.package_discovery:discover_packages(ignore) discover
[2.914s] Level 1:colcon.colcon_core.package_discovery:discover_packages(ignore) using defaults
[2.915s] Level 1:colcon.colcon_core.package_discovery:discover_packages(path) discover
[2.915s] Level 1:colcon.colcon_core.package_discovery:discover_packages(path) using defaults
[3.074s] INFO:colcon.colcon_core.package_selection:Skipping not selected package 'hardware_interface_py' in 'src/hardware_interface_py'
[3.077s] Level 1:colcon.colcon_core.package_discovery:discover_packages(prefix_path) check parameters
[3.077s] Level 1:colcon.colcon_core.package_discovery:discover_packages(prefix_path) discover
[3.105s] DEBUG:colcon.colcon_installed_package_information.package_discovery:Found 271 installed packages in /opt/ros/humble
[3.151s] Level 1:colcon.colcon_core.package_discovery:discover_packages(prefix_path) using defaults
[3.484s] Level 5:colcon.colcon_core.verb:set package 'hardware_interface' build argument 'cmake_args' from command line to 'None'
[3.484s] Level 5:colcon.colcon_core.verb:set package 'hardware_interface' build argument 'cmake_target' from command line to 'None'
[3.485s] Level 5:colcon.colcon_core.verb:set package 'hardware_interface' build argument 'cmake_target_skip_unavailable' from command line to 'False'
[3.485s] Level 5:colcon.colcon_core.verb:set package 'hardware_interface' build argument 'cmake_clean_cache' from command line to 'False'
[3.485s] Level 5:colcon.colcon_core.verb:set package 'hardware_interface' build argument 'cmake_clean_first' from command line to 'False'
[3.485s] Level 5:colcon.colcon_core.verb:set package 'hardware_interface' build argument 'cmake_force_configure' from command line to 'False'
[3.485s] Level 5:colcon.colcon_core.verb:set package 'hardware_interface' build argument 'ament_cmake_args' from command line to 'None'
[3.485s] Level 5:colcon.colcon_core.verb:set package 'hardware_interface' build argument 'catkin_cmake_args' from command line to 'None'
[3.485s] Level 5:colcon.colcon_core.verb:set package 'hardware_interface' build argument 'catkin_skip_building_tests' from command line to 'False'
[3.485s] DEBUG:colcon.colcon_core.verb:Building package 'hardware_interface' with the following arguments: {'ament_cmake_args': None, 'build_base': '/home/yangy/SpiderBot/ros2_workspace/build/hardware_interface', 'catkin_cmake_args': None, 'catkin_skip_building_tests': False, 'cmake_args': None, 'cmake_clean_cache': False, 'cmake_clean_first': False, 'cmake_force_configure': False, 'cmake_target': None, 'cmake_target_skip_unavailable': False, 'install_base': '/home/yangy/SpiderBot/ros2_workspace/install/hardware_interface', 'merge_install': False, 'path': '/home/yangy/SpiderBot/ros2_workspace/src/hardware_interface', 'symlink_install': False, 'test_result_base': None}
[3.486s] INFO:colcon.colcon_core.executor:Executing jobs using 'parallel' executor
[3.489s] DEBUG:colcon.colcon_parallel_executor.executor.parallel:run_until_complete
[3.490s] INFO:colcon.colcon_ros.task.ament_cmake.build:Building ROS package in '/home/yangy/SpiderBot/ros2_workspace/src/hardware_interface' with build type 'ament_cmake'
[3.491s] INFO:colcon.colcon_cmake.task.cmake.build:Building CMake package in '/home/yangy/SpiderBot/ros2_workspace/src/hardware_interface'
[3.519s] INFO:colcon.colcon_core.plugin_system:Skipping extension 'colcon_core.shell.bat': Not used on non-Windows systems
[3.520s] INFO:colcon.colcon_core.shell:Skip shell extension 'powershell' for command environment: Not usable outside of PowerShell
[3.521s] DEBUG:colcon.colcon_core.shell:Skip shell extension 'dsv' for command environment
[3.566s] DEBUG:colcon.colcon_core.event_handler.log_command:Invoking command in '/home/yangy/SpiderBot/ros2_workspace/build/hardware_interface': CMAKE_PREFIX_PATH=/opt/ros/humble /usr/bin/cmake /home/yangy/SpiderBot/ros2_workspace/src/hardware_interface -DCMAKE_INSTALL_PREFIX=/home/yangy/SpiderBot/ros2_workspace/install/hardware_interface
[12.804s] DEBUG:colcon.colcon_core.event_handler.log_command:Invoked command in '/home/yangy/SpiderBot/ros2_workspace/build/hardware_interface' returned '1': CMAKE_PREFIX_PATH=/opt/ros/humble /usr/bin/cmake /home/yangy/SpiderBot/ros2_workspace/src/hardware_interface -DCMAKE_INSTALL_PREFIX=/home/yangy/SpiderBot/ros2_workspace/install/hardware_interface
[12.852s] Level 1:colcon.colcon_core.environment:create_environment_scripts_only(hardware_interface)
[12.888s] Level 1:colcon.colcon_core.environment:checking '/home/yangy/SpiderBot/ros2_workspace/install/hardware_interface' for CMake module files
[12.890s] Level 1:colcon.colcon_core.environment:checking '/home/yangy/SpiderBot/ros2_workspace/install/hardware_interface' for CMake config files
[12.891s] Level 1:colcon.colcon_core.environment:checking '/home/yangy/SpiderBot/ros2_workspace/install/hardware_interface/bin'
[12.892s] Level 1:colcon.colcon_core.environment:checking '/home/yangy/SpiderBot/ros2_workspace/install/hardware_interface/lib/pkgconfig/hardware_interface.pc'
[12.893s] Level 1:colcon.colcon_core.environment:checking '/home/yangy/SpiderBot/ros2_workspace/install/hardware_interface/lib/python3.10/site-packages'
[12.895s] Level 1:colcon.colcon_core.environment:checking '/home/yangy/SpiderBot/ros2_workspace/install/hardware_interface/bin'
[12.896s] INFO:colcon.colcon_core.shell:Creating package script '/home/yangy/SpiderBot/ros2_workspace/install/hardware_interface/share/hardware_interface/package.ps1'
[12.903s] INFO:colcon.colcon_core.shell:Creating package descriptor '/home/yangy/SpiderBot/ros2_workspace/install/hardware_interface/share/hardware_interface/package.dsv'
[12.906s] INFO:colcon.colcon_core.shell:Creating package script '/home/yangy/SpiderBot/ros2_workspace/install/hardware_interface/share/hardware_interface/package.sh'
[12.910s] INFO:colcon.colcon_core.shell:Creating package script '/home/yangy/SpiderBot/ros2_workspace/install/hardware_interface/share/hardware_interface/package.bash'
[12.915s] INFO:colcon.colcon_core.shell:Creating package script '/home/yangy/SpiderBot/ros2_workspace/install/hardware_interface/share/hardware_interface/package.zsh'
[12.920s] Level 1:colcon.colcon_core.environment:create_file_with_runtime_dependencies(/home/yangy/SpiderBot/ros2_workspace/install/hardware_interface/share/colcon-core/packages/hardware_interface)
[12.933s] DEBUG:colcon.colcon_parallel_executor.executor.parallel:closing loop
[12.933s] DEBUG:colcon.colcon_parallel_executor.executor.parallel:loop closed
[12.934s] DEBUG:colcon.colcon_parallel_executor.executor.parallel:run_until_complete finished with '1'
[12.935s] DEBUG:colcon.colcon_core.event_reactor:joining thread
[12.983s] INFO:colcon.colcon_core.plugin_system:Skipping extension 'colcon_notification.desktop_notification.terminal_notifier': Not used on non-Darwin systems
[12.983s] INFO:colcon.colcon_core.plugin_system:Skipping extension 'colcon_notification.desktop_notification.win32': Not used on non-Windows systems
[12.983s] INFO:colcon.colcon_notification.desktop_notification:Sending desktop notification using 'notify2'
[13.300s] DEBUG:colcon.colcon_core.event_reactor:joined thread
[13.301s] INFO:colcon.colcon_core.shell:Creating prefix script '/home/yangy/SpiderBot/ros2_workspace/install/local_setup.ps1'
[13.307s] INFO:colcon.colcon_core.shell:Creating prefix util module '/home/yangy/SpiderBot/ros2_workspace/install/_local_setup_util_ps1.py'
[13.315s] INFO:colcon.colcon_core.shell:Creating prefix chain script '/home/yangy/SpiderBot/ros2_workspace/install/setup.ps1'
[13.320s] INFO:colcon.colcon_core.shell:Creating prefix script '/home/yangy/SpiderBot/ros2_workspace/install/local_setup.sh'
[13.325s] INFO:colcon.colcon_core.shell:Creating prefix util module '/home/yangy/SpiderBot/ros2_workspace/install/_local_setup_util_sh.py'
[13.328s] INFO:colcon.colcon_core.shell:Creating prefix chain script '/home/yangy/SpiderBot/ros2_workspace/install/setup.sh'
[13.334s] INFO:colcon.colcon_core.shell:Creating prefix script '/home/yangy/SpiderBot/ros2_workspace/install/local_setup.bash'
[13.338s] INFO:colcon.colcon_core.shell:Creating prefix chain script '/home/yangy/SpiderBot/ros2_workspace/install/setup.bash'
[13.343s] INFO:colcon.colcon_core.shell:Creating prefix script '/home/yangy/SpiderBot/ros2_workspace/install/local_setup.zsh'
[13.347s] INFO:colcon.colcon_core.shell:Creating prefix chain script '/home/yangy/SpiderBot/ros2_workspace/install/setup.zsh'
